System.Net Information: 0 : [11208] Current OS installation type is 'Client'.
    ProcessId=10264
    DateTime=2018-09-07T10:40:37.3875187Z
System.Net Verbose: 0 : [10304] Entering SmtpClient::.ctor(host=smtp.gmail.com, port=587)
    ProcessId=10264
    DateTime=2018-09-07T10:41:01.8739671Z
System.Net Information: 0 : [10304] Associating SmtpClient#34945278 with SmtpTransport#17906896
    ProcessId=10264
    DateTime=2018-09-07T10:41:01.8949692Z
System.Net Verbose: 0 : [10304] Exiting SmtpClient::.ctor() 	-> SmtpClient#34945278
    ProcessId=10264
    DateTime=2018-09-07T10:41:01.9029700Z
System.Net Information: 0 : [10304] Associating MailMessage#58575377 with Message#19805307
    ProcessId=10264
    DateTime=2018-09-07T10:41:01.9059703Z
System.Net Verbose: 0 : [10304] Entering SmtpClient#34945278::Send(MailMessage#58575377)
    ProcessId=10264
    DateTime=2018-09-07T10:41:01.9119709Z
System.Net Information: 0 : [10304] SmtpClient#34945278::Send(DeliveryMethod=Network)
    ProcessId=10264
    DateTime=2018-09-07T10:41:01.9139711Z
System.Net Information: 0 : [10304] Associating SmtpClient#34945278 with MailMessage#58575377
    ProcessId=10264
    DateTime=2018-09-07T10:41:01.9169714Z
System.Net Verbose: 0 : [10304] Entering ServicePoint#61707732::ServicePoint(smtp.gmail.com:587)
    ProcessId=10264
    DateTime=2018-09-07T10:41:01.9179715Z
System.Net Information: 0 : [10304] Associating SmtpTransport#17906896 with SmtpConnection#1484740
    ProcessId=10264
    DateTime=2018-09-07T10:41:01.9219719Z
System.Net Information: 0 : [10304] Associating SmtpConnection#1484740 with ServicePoint#61707732
    ProcessId=10264
    DateTime=2018-09-07T10:41:01.9249722Z
System.Net.Sockets Verbose: 0 : [10304] Entering Socket#54935415::Socket(AddressFamily#2)
    ProcessId=10264
    DateTime=2018-09-07T10:41:01.9439741Z
System.Net.Sockets Verbose: 0 : [10304] Exiting Socket#54935415::Socket() 
    ProcessId=10264
    DateTime=2018-09-07T10:41:01.9439741Z
System.Net.Sockets Verbose: 0 : [10304] Entering Socket#19344466::Socket(AddressFamily#23)
    ProcessId=10264
    DateTime=2018-09-07T10:41:01.9469744Z
System.Net.Sockets Verbose: 0 : [10304] Exiting Socket#19344466::Socket() 
    ProcessId=10264
    DateTime=2018-09-07T10:41:01.9489746Z
System.Net.Sockets Verbose: 0 : [10304] Entering DNS::TryInternalResolve(smtp.gmail.com)
    ProcessId=10264
    DateTime=2018-09-07T10:41:01.9539751Z
System.Net.Sockets Verbose: 0 : [10304] Entering Socket#54935415::Connect(173.194.68.108:587#1816445158)
    ProcessId=10264
    DateTime=2018-09-07T10:41:02.1629960Z
System.Net.Sockets Information: 0 : [10304] Socket#54935415 - Created connection from 192.168.170.234:61989 to 173.194.68.108:587.
    ProcessId=10264
    DateTime=2018-09-07T10:41:02.1739971Z
System.Net.Sockets Verbose: 0 : [10304] Exiting Socket#54935415::Connect() 
    ProcessId=10264
    DateTime=2018-09-07T10:41:02.1749972Z
System.Net.Sockets Verbose: 0 : [10304] Entering Socket#19344466::Close()
    ProcessId=10264
    DateTime=2018-09-07T10:41:02.1759973Z
System.Net.Sockets Verbose: 0 : [10304] Entering Socket#19344466::Dispose()
    ProcessId=10264
    DateTime=2018-09-07T10:41:02.1769974Z
System.Net.Sockets Verbose: 0 : [10304] Exiting Socket#19344466::Close() 
    ProcessId=10264
    DateTime=2018-09-07T10:41:02.1779975Z
System.Net Information: 0 : [10304] SmtpPooledStream#44656632 - Created connection from 192.168.170.234:61989 to 173.194.68.108:587.
    ProcessId=10264
    DateTime=2018-09-07T10:41:02.1789976Z
System.Net Information: 0 : [10304] Associating SmtpConnection#1484740 with SmtpPooledStream#44656632
    ProcessId=10264
    DateTime=2018-09-07T10:41:02.1799977Z
System.Net.Sockets Verbose: 0 : [10304] Entering Socket#54935415::Receive()
    ProcessId=10264
    DateTime=2018-09-07T10:41:02.1809978Z
System.Net.Sockets Verbose: 0 : [10304] Data from Socket#54935415::Receive
    ProcessId=10264
    DateTime=2018-09-07T10:41:02.7460543Z
System.Net.Sockets Verbose: 0 : [10304] 00000000 : 32 32 30 20 73 6D 74 70-2E 67 6D 61 69 6C 2E 63 : 220 smtp.gmail.c
    ProcessId=10264
    DateTime=2018-09-07T10:41:02.7470544Z
System.Net.Sockets Verbose: 0 : [10304] 00000010 : 6F 6D 20 45 53 4D 54 50-20 31 35 2D 76 36 73 6D : om ESMTP 15-v6sm
    ProcessId=10264
    DateTime=2018-09-07T10:41:02.7480545Z
System.Net.Sockets Verbose: 0 : [10304] 00000020 : 35 31 38 34 30 37 31 71-74 78 2E 34 34 20 2D 20 : 5184071qtx.44 - 
    ProcessId=10264
    DateTime=2018-09-07T10:41:02.7490546Z
System.Net.Sockets Verbose: 0 : [10304] 00000030 : 67 73 6D 74 70 0D 0A                            : gsmtp..
    ProcessId=10264
    DateTime=2018-09-07T10:41:02.7500547Z
System.Net.Sockets Verbose: 0 : [10304] Exiting Socket#54935415::Receive() 	-> Int32#55
    ProcessId=10264
    DateTime=2018-09-07T10:41:02.7510548Z
System.Net.Sockets Verbose: 0 : [10304] Entering Socket#54935415::Send()
    ProcessId=10264
    DateTime=2018-09-07T10:41:02.7520549Z
System.Net.Sockets Verbose: 0 : [10304] Data from Socket#54935415::Send
    ProcessId=10264
    DateTime=2018-09-07T10:41:02.7530550Z
System.Net.Sockets Verbose: 0 : [10304] 00000000 : 45 48 4C 4F 20 53 46 53-49 2D 44 49 57 41 4B 41 : EHLO SFSI-DIWAKA
    ProcessId=10264
    DateTime=2018-09-07T10:41:02.7540551Z
System.Net.Sockets Verbose: 0 : [10304] 00000010 : 52 2D 57 37 0D 0A                               : R-W7..
    ProcessId=10264
    DateTime=2018-09-07T10:41:02.7540551Z
System.Net.Sockets Verbose: 0 : [10304] Exiting Socket#54935415::Send() 	-> Int32#22
    ProcessId=10264
    DateTime=2018-09-07T10:41:02.7550552Z
System.Net.Sockets Verbose: 0 : [10304] Entering Socket#54935415::Receive()
    ProcessId=10264
    DateTime=2018-09-07T10:41:02.7560553Z
System.Net.Sockets Verbose: 0 : [10304] Data from Socket#54935415::Receive
    ProcessId=10264
    DateTime=2018-09-07T10:41:03.0470844Z
System.Net.Sockets Verbose: 0 : [10304] 00000000 : 32 35 30 2D 73 6D 74 70-2E 67 6D 61 69 6C 2E 63 : 250-smtp.gmail.c
    ProcessId=10264
    DateTime=2018-09-07T10:41:03.0520849Z
System.Net.Sockets Verbose: 0 : [10304] 00000010 : 6F 6D 20 61 74 20 79 6F-75 72 20 73 65 72 76 69 : om at your servi
    ProcessId=10264
    DateTime=2018-09-07T10:41:03.0560853Z
System.Net.Sockets Verbose: 0 : [10304] 00000020 : 63 65 2C 20 5B 32 30 32-2E 36 35 2E 31 35 35 2E : ce, [202.65.155.
    ProcessId=10264
    DateTime=2018-09-07T10:41:03.0570854Z
System.Net.Sockets Verbose: 0 : [10304] 00000030 : 35 30 5D 0D 0A 32 35 30-2D 53 49 5A 45 20 33 35 : 50]..250-SIZE 35
    ProcessId=10264
    DateTime=2018-09-07T10:41:03.0600857Z
System.Net.Sockets Verbose: 0 : [10304] 00000040 : 38 38 32 35 37 37 0D 0A-32 35 30 2D 38 42 49 54 : 882577..250-8BIT
    ProcessId=10264
    DateTime=2018-09-07T10:41:03.0660863Z
System.Net.Sockets Verbose: 0 : [10304] 00000050 : 4D 49 4D 45 0D 0A 32 35-30 2D 53 54 41 52 54 54 : MIME..250-STARTT
    ProcessId=10264
    DateTime=2018-09-07T10:41:03.0700867Z
System.Net.Sockets Verbose: 0 : [10304] 00000060 : 4C 53 0D 0A 32 35 30 2D-45 4E 48 41 4E 43 45 44 : LS..250-ENHANCED
    ProcessId=10264
    DateTime=2018-09-07T10:41:03.0740871Z
System.Net.Sockets Verbose: 0 : [10304] 00000070 : 53 54 41 54 55 53 43 4F-44 45 53 0D 0A 32 35 30 : STATUSCODES..250
    ProcessId=10264
    DateTime=2018-09-07T10:41:03.0800877Z
System.Net.Sockets Verbose: 0 : [10304] 00000080 : 2D 50 49 50 45 4C 49 4E-49 4E 47 0D 0A 32 35 30 : -PIPELINING..250
    ProcessId=10264
    DateTime=2018-09-07T10:41:03.0860883Z
System.Net.Sockets Verbose: 0 : [10304] 00000090 : 20 53 4D 54 50 55 54 46-38 0D 0A                :  SMTPUTF8..
    ProcessId=10264
    DateTime=2018-09-07T10:41:03.0890886Z
System.Net.Sockets Verbose: 0 : [10304] Exiting Socket#54935415::Receive() 	-> Int32#155
    ProcessId=10264
    DateTime=2018-09-07T10:41:03.0900887Z
System.Net.Sockets Verbose: 0 : [10304] Entering Socket#54935415::Send()
    ProcessId=10264
    DateTime=2018-09-07T10:41:03.0910888Z
System.Net.Sockets Verbose: 0 : [10304] Data from Socket#54935415::Send
    ProcessId=10264
    DateTime=2018-09-07T10:41:03.0920889Z
System.Net.Sockets Verbose: 0 : [10304] 00000000 : 53 54 41 52 54 54 4C 53-0D 0A                   : STARTTLS..
    ProcessId=10264
    DateTime=2018-09-07T10:41:03.0930890Z
System.Net.Sockets Verbose: 0 : [10304] Exiting Socket#54935415::Send() 	-> Int32#10
    ProcessId=10264
    DateTime=2018-09-07T10:41:03.0930890Z
System.Net.Sockets Verbose: 0 : [10304] Entering Socket#54935415::Receive()
    ProcessId=10264
    DateTime=2018-09-07T10:41:03.0940891Z
System.Net.Sockets Verbose: 0 : [10304] Data from Socket#54935415::Receive
    ProcessId=10264
    DateTime=2018-09-07T10:41:03.3821179Z
System.Net.Sockets Verbose: 0 : [10304] 00000000 : 32 32 30 20 32 2E 30 2E-30 20 52 65 61 64 79 20 : 220 2.0.0 Ready 
    ProcessId=10264
    DateTime=2018-09-07T10:41:03.3821179Z
System.Net.Sockets Verbose: 0 : [10304] 00000010 : 74 6F 20 73 74 61 72 74-20 54 4C 53 0D 0A       : to start TLS..
    ProcessId=10264
    DateTime=2018-09-07T10:41:03.3831180Z
System.Net.Sockets Verbose: 0 : [10304] Exiting Socket#54935415::Receive() 	-> Int32#30
    ProcessId=10264
    DateTime=2018-09-07T10:41:03.3861183Z
System.Net Information: 0 : [10304] TlsStream#41682650::.ctor(host=smtp.gmail.com, #certs=0, checkCertificateRevocationList=False, sslProtocols=Default)
    ProcessId=10264
    DateTime=2018-09-07T10:41:03.3871184Z
System.Net Information: 0 : [10304] SecureChannel#65863075::.ctor(hostname=smtp.gmail.com, #clientCertificates=0, encryptionPolicy=RequireEncryption)
    ProcessId=10264
    DateTime=2018-09-07T10:41:03.3881185Z
System.Net Information: 0 : [10304] Enumerating security packages:
    ProcessId=10264
    DateTime=2018-09-07T10:41:03.3901187Z
System.Net Information: 0 : [10304]     Negotiate
    ProcessId=10264
    DateTime=2018-09-07T10:41:03.3911188Z
System.Net Information: 0 : [10304]     NegoExtender
    ProcessId=10264
    DateTime=2018-09-07T10:41:03.3921189Z
System.Net Information: 0 : [10304]     Kerberos
    ProcessId=10264
    DateTime=2018-09-07T10:41:03.3931190Z
System.Net Information: 0 : [10304]     NTLM
    ProcessId=10264
    DateTime=2018-09-07T10:41:03.3941191Z
System.Net Information: 0 : [10304]     Schannel
    ProcessId=10264
    DateTime=2018-09-07T10:41:03.3951192Z
System.Net Information: 0 : [10304]     Microsoft Unified Security Protocol Provider
    ProcessId=10264
    DateTime=2018-09-07T10:41:03.3961193Z
System.Net Information: 0 : [10304]     WDigest
    ProcessId=10264
    DateTime=2018-09-07T10:41:03.3971194Z
System.Net Information: 0 : [10304]     TSSSP
    ProcessId=10264
    DateTime=2018-09-07T10:41:03.3981195Z
System.Net Information: 0 : [10304]     pku2u
    ProcessId=10264
    DateTime=2018-09-07T10:41:03.3991196Z
System.Net Information: 0 : [10304]     CREDSSP
    ProcessId=10264
    DateTime=2018-09-07T10:41:03.4001197Z
System.Net Information: 0 : [10304] SecureChannel#65863075 - Left with 0 client certificates to choose from.
    ProcessId=10264
    DateTime=2018-09-07T10:41:03.4011198Z
System.Net Information: 0 : [10304] SecureChannel#65863075::.AcquireClientCredentials, new SecureCredential() (flags=(ValidateManual, NoDefaultCred, SendAuxRecord), m_ProtocolFlags=(Ssl3Client, Tls10Client), m_EncryptionPolicy=RequireEncryption)
    ProcessId=10264
    DateTime=2018-09-07T10:41:03.4021199Z
System.Net Information: 0 : [10304] AcquireCredentialsHandle(package = Microsoft Unified Security Protocol Provider, intent  = Outbound, scc     = System.Net.SecureCredential)
    ProcessId=10264
    DateTime=2018-09-07T10:41:03.4031200Z
System.Net Information: 0 : [10304] InitializeSecurityContext(credential = System.Net.SafeFreeCredential_SECURITY, context = (null), targetName = smtp.gmail.com, inFlags = ReplayDetect, SequenceDetect, Confidentiality, AllocateMemory, InitManualCredValidation)
    ProcessId=10264
    DateTime=2018-09-07T10:41:03.4041201Z
System.Net Information: 0 : [10304] InitializeSecurityContext(In-Buffer length=0, Out-Buffer length=126, returned code=ContinueNeeded).
    ProcessId=10264
    DateTime=2018-09-07T10:41:03.4051202Z
System.Net.Sockets Verbose: 0 : [10304] Entering Socket#54935415::Send()
    ProcessId=10264
    DateTime=2018-09-07T10:41:03.4061203Z
System.Net.Sockets Verbose: 0 : [10304] Data from Socket#54935415::Send
    ProcessId=10264
    DateTime=2018-09-07T10:41:03.4071204Z
System.Net.Sockets Verbose: 0 : [10304] 00000000 : 16 03 01 00 79 01 00 00-75 03 01 5B 92 55 BF 4F : ....y...u..[.U.O
    ProcessId=10264
    DateTime=2018-09-07T10:41:03.4081205Z
System.Net.Sockets Verbose: 0 : [10304] 00000010 : EF F0 45 41 47 0C 32 E8-43 3A 25 F5 39 27 0C 95 : ..EAG.2.C:%.9'..
    ProcessId=10264
    DateTime=2018-09-07T10:41:03.4101207Z
System.Net.Sockets Verbose: 0 : [10304] 00000020 : 98 3E 6F 03 37 80 1F 85-E9 9B 8B 00 00 1C C0 14 : .>o.7...........
    ProcessId=10264
    DateTime=2018-09-07T10:41:03.4101207Z
System.Net.Sockets Verbose: 0 : [10304] 00000030 : C0 13 00 39 00 33 00 35-00 2F C0 0A C0 09 00 38 : ...9.3.5./.....8
    ProcessId=10264
    DateTime=2018-09-07T10:41:03.4111208Z
System.Net.Sockets Verbose: 0 : [10304] 00000040 : 00 32 00 0A 00 13 00 05-00 04 01 00 00 30 00 00 : .2...........0..
    ProcessId=10264
    DateTime=2018-09-07T10:41:03.4121209Z
System.Net.Sockets Verbose: 0 : [10304] 00000050 : 00 13 00 11 00 00 0E 73-6D 74 70 2E 67 6D 61 69 : .......smtp.gmai
    ProcessId=10264
    DateTime=2018-09-07T10:41:03.4131210Z
System.Net.Sockets Verbose: 0 : [10304] 00000060 : 6C 2E 63 6F 6D 00 0A 00-06 00 04 00 17 00 18 00 : l.com...........
    ProcessId=10264
    DateTime=2018-09-07T10:41:03.4131210Z
System.Net.Sockets Verbose: 0 : [10304] 00000070 : 0B 00 02 01 00 00 17 00-00 FF 01 00 01 00       : ..............
    ProcessId=10264
    DateTime=2018-09-07T10:41:03.4141211Z
System.Net.Sockets Verbose: 0 : [10304] Exiting Socket#54935415::Send() 	-> Int32#126
    ProcessId=10264
    DateTime=2018-09-07T10:41:03.4151212Z
System.Net.Sockets Verbose: 0 : [10304] Entering Socket#54935415::Receive()
    ProcessId=10264
    DateTime=2018-09-07T10:41:03.4151212Z
System.Net.Sockets Verbose: 0 : [10304] Data from Socket#54935415::Receive
    ProcessId=10264
    DateTime=2018-09-07T10:41:03.9741771Z
System.Net.Sockets Verbose: 0 : [10304] 00000000 : 16 03 01 00 51                                  : ....Q
    ProcessId=10264
    DateTime=2018-09-07T10:41:03.9761773Z
System.Net.Sockets Verbose: 0 : [10304] Exiting Socket#54935415::Receive() 	-> Int32#5
    ProcessId=10264
    DateTime=2018-09-07T10:41:03.9761773Z
System.Net.Sockets Verbose: 0 : [10304] Entering Socket#54935415::Receive()
    ProcessId=10264
    DateTime=2018-09-07T10:41:03.9771774Z
System.Net.Sockets Verbose: 0 : [10304] Data from Socket#54935415::Receive
    ProcessId=10264
    DateTime=2018-09-07T10:41:03.9781775Z
System.Net.Sockets Verbose: 0 : [10304] 00000005 : 02 00 00 4D 03 01 3B 4C-04 CC 3B E8 50 28 DF 42 : ...M..;L..;.P(.B
    ProcessId=10264
    DateTime=2018-09-07T10:41:03.9791776Z
System.Net.Sockets Verbose: 0 : [10304] 00000015 : 51 C2 88 D3 02 23 86 A1-F6 EA 66 3B 6F A7 91 06 : Q....#....f;o...
    ProcessId=10264
    DateTime=2018-09-07T10:41:03.9801777Z
System.Net.Sockets Verbose: 0 : [10304] 00000025 : EB 44 EB E2 2B 03 20 9B-CA 22 10 2F C5 83 E8 17 : .D..+. .."./....
    ProcessId=10264
    DateTime=2018-09-07T10:41:03.9811778Z
System.Net.Sockets Verbose: 0 : [10304] 00000035 : 3C 7A B4 5D A8 1F 62 77-FE 2F F1 3F 5F B2 60 1A : <z.]..bw./.?_.`.
    ProcessId=10264
    DateTime=2018-09-07T10:41:03.9831780Z
System.Net.Sockets Verbose: 0 : [10304] 00000045 : 5D 03 53 EC 5F 52 28 00-35 00 00 05 FF 01 00 01 : ].S._R(.5.......
    ProcessId=10264
    DateTime=2018-09-07T10:41:03.9841781Z
System.Net.Sockets Verbose: 0 : [10304] 00000055 : 00                                              : .
    ProcessId=10264
    DateTime=2018-09-07T10:41:03.9871784Z
System.Net.Sockets Verbose: 0 : [10304] Exiting Socket#54935415::Receive() 	-> Int32#81
    ProcessId=10264
    DateTime=2018-09-07T10:41:03.9881785Z
System.Net Information: 0 : [10304] InitializeSecurityContext(credential = System.Net.SafeFreeCredential_SECURITY, context = 133b070:17830a0, targetName = smtp.gmail.com, inFlags = ReplayDetect, SequenceDetect, Confidentiality, AllocateMemory, InitManualCredValidation)
    ProcessId=10264
    DateTime=2018-09-07T10:41:03.9891786Z
System.Net Information: 0 : [10304] InitializeSecurityContext(In-Buffers count=2, Out-Buffer length=0, returned code=ContinueNeeded).
    ProcessId=10264
    DateTime=2018-09-07T10:41:03.9901787Z
System.Net.Sockets Verbose: 0 : [10304] Entering Socket#54935415::Receive()
    ProcessId=10264
    DateTime=2018-09-07T10:41:03.9911788Z
System.Net.Sockets Verbose: 0 : [10304] Data from Socket#54935415::Receive
    ProcessId=10264
    DateTime=2018-09-07T10:41:03.9921789Z
System.Net.Sockets Verbose: 0 : [10304] 00000000 : 16 03 01 08 71                                  : ....q
    ProcessId=10264
    DateTime=2018-09-07T10:41:03.9931790Z
System.Net.Sockets Verbose: 0 : [10304] Exiting Socket#54935415::Receive() 	-> Int32#5
    ProcessId=10264
    DateTime=2018-09-07T10:41:03.9931790Z
System.Net.Sockets Verbose: 0 : [10304] Entering Socket#54935415::Receive()
    ProcessId=10264
    DateTime=2018-09-07T10:41:03.9941791Z
System.Net.Sockets Verbose: 0 : [10304] Data from Socket#54935415::Receive
    ProcessId=10264
    DateTime=2018-09-07T10:41:03.9961793Z
System.Net.Sockets Verbose: 0 : [10304] (printing 1024 out of 2161)
    ProcessId=10264
    DateTime=2018-09-07T10:41:03.9961793Z
System.Net.Sockets Verbose: 0 : [10304] 00000005 : 0B 00 08 6D 00 08 6A 00-03 3F 30 82 03 3B 30 82 : ...m..j..?0..;0.
    ProcessId=10264
    DateTime=2018-09-07T10:41:03.9971794Z
System.Net.Sockets Verbose: 0 : [10304] 00000015 : 02 23 A0 03 02 01 02 02-04 44 06 99 08 30 0D 06 : .#.......D...0..
    ProcessId=10264
    DateTime=2018-09-07T10:41:03.9991796Z
System.Net.Sockets Verbose: 0 : [10304] 00000025 : 09 2A 86 48 86 F7 0D 01-01 05 05 00 30 81 BB 31 : .*.H........0..1
    ProcessId=10264
    DateTime=2018-09-07T10:41:04.0011798Z
System.Net.Sockets Verbose: 0 : [10304] 00000035 : 0B 30 09 06 03 55 04 06-13 02 49 4E 31 10 30 0E : .0...U....IN1.0.
    ProcessId=10264
    DateTime=2018-09-07T10:41:04.0021799Z
System.Net.Sockets Verbose: 0 : [10304] 00000045 : 06 03 55 04 08 0C 07 47-75 6A 61 72 61 74 31 12 : ..U....Gujarat1.
    ProcessId=10264
    DateTime=2018-09-07T10:41:04.0021799Z
System.Net.Sockets Verbose: 0 : [10304] 00000055 : 30 10 06 03 55 04 07 0C-09 41 68 6D 65 64 61 62 : 0...U....Ahmedab
    ProcessId=10264
    DateTime=2018-09-07T10:41:04.0051802Z
System.Net.Sockets Verbose: 0 : [10304] 00000065 : 61 64 31 11 30 0F 06 03-55 04 0A 0C 08 43 79 62 : ad1.0...U....Cyb
    ProcessId=10264
    DateTime=2018-09-07T10:41:04.0061803Z
System.Net.Sockets Verbose: 0 : [10304] 00000075 : 65 72 6F 61 6D 31 27 30-25 06 03 55 04 0B 0C 1E : eroam1'0%..U....
    ProcessId=10264
    DateTime=2018-09-07T10:41:04.0071804Z
System.Net.Sockets Verbose: 0 : [10304] 00000085 : 43 79 62 65 72 6F 61 6D-20 43 65 72 74 69 66 69 : Cyberoam Certifi
    ProcessId=10264
    DateTime=2018-09-07T10:41:04.0081805Z
System.Net.Sockets Verbose: 0 : [10304] 00000095 : 63 61 74 65 20 41 75 74-68 6F 72 69 74 79 31 25 : cate Authority1%
    ProcessId=10264
    DateTime=2018-09-07T10:41:04.0101807Z
System.Net.Sockets Verbose: 0 : [10304] 000000A5 : 30 23 06 03 55 04 03 0C-1C 43 79 62 65 72 6F 61 : 0#..U....Cyberoa
    ProcessId=10264
    DateTime=2018-09-07T10:41:04.0111808Z
System.Net.Sockets Verbose: 0 : [10304] 000000B5 : 6D 20 53 53 4C 20 43 41-5F 43 31 38 36 31 35 32 : m SSL CA_C186152
    ProcessId=10264
    DateTime=2018-09-07T10:41:04.0121809Z
System.Net.Sockets Verbose: 0 : [10304] 000000C5 : 37 37 36 39 30 31 23 30-21 06 09 2A 86 48 86 F7 : 776901#0!..*.H..
    ProcessId=10264
    DateTime=2018-09-07T10:41:04.0131810Z
System.Net.Sockets Verbose: 0 : [10304] 000000D5 : 0D 01 09 01 16 14 73 75-70 70 6F 72 74 40 63 79 : ......support@cy
    ProcessId=10264
    DateTime=2018-09-07T10:41:04.0141811Z
System.Net.Sockets Verbose: 0 : [10304] 000000E5 : 62 65 72 6F 61 6D 2E 63-6F 6D 30 1E 17 0D 31 38 : beroam.com0...18
    ProcessId=10264
    DateTime=2018-09-07T10:41:04.0151812Z
System.Net.Sockets Verbose: 0 : [10304] 000000F5 : 30 38 31 34 30 37 33 39-35 30 5A 17 0D 31 38 31 : 0814073950Z..181
    ProcessId=10264
    DateTime=2018-09-07T10:41:04.0161813Z
System.Net.Sockets Verbose: 0 : [10304] 00000105 : 30 32 33 30 37 33 37 30-30 5A 30 68 31 0B 30 09 : 023073700Z0h1.0.
    ProcessId=10264
    DateTime=2018-09-07T10:41:04.0191816Z
System.Net.Sockets Verbose: 0 : [10304] 00000115 : 06 03 55 04 06 13 02 55-53 31 13 30 11 06 03 55 : ..U....US1.0...U
    ProcessId=10264
    DateTime=2018-09-07T10:41:04.0201817Z
System.Net.Sockets Verbose: 0 : [10304] 00000125 : 04 08 0C 0A 43 61 6C 69-66 6F 72 6E 69 61 31 16 : ....California1.
    ProcessId=10264
    DateTime=2018-09-07T10:41:04.0211818Z
System.Net.Sockets Verbose: 0 : [10304] 00000135 : 30 14 06 03 55 04 07 0C-0D 4D 6F 75 6E 74 61 69 : 0...U....Mountai
    ProcessId=10264
    DateTime=2018-09-07T10:41:04.0211818Z
System.Net.Sockets Verbose: 0 : [10304] 00000145 : 6E 20 56 69 65 77 31 13-30 11 06 03 55 04 0A 0C : n View1.0...U...
    ProcessId=10264
    DateTime=2018-09-07T10:41:04.0241821Z
System.Net.Sockets Verbose: 0 : [10304] 00000155 : 0A 47 6F 6F 67 6C 65 20-4C 4C 43 31 17 30 15 06 : .Google LLC1.0..
    ProcessId=10264
    DateTime=2018-09-07T10:41:04.0251822Z
System.Net.Sockets Verbose: 0 : [10304] 00000165 : 03 55 04 03 0C 0E 73 6D-74 70 2E 67 6D 61 69 6C : .U....smtp.gmail
    ProcessId=10264
    DateTime=2018-09-07T10:41:04.0251822Z
System.Net.Sockets Verbose: 0 : [10304] 00000175 : 2E 63 6F 6D 30 81 9F 30-0D 06 09 2A 86 48 86 F7 : .com0..0...*.H..
    ProcessId=10264
    DateTime=2018-09-07T10:41:04.0261823Z
System.Net.Sockets Verbose: 0 : [10304] 00000185 : 0D 01 01 01 05 00 03 81-8D 00 30 81 89 02 81 81 : ..........0.....
    ProcessId=10264
    DateTime=2018-09-07T10:41:04.0271824Z
System.Net.Sockets Verbose: 0 : [10304] 00000195 : 00 CE 8A 65 F8 95 AB A1-AE 3F 75 B0 D6 C5 98 B2 : ...e.....?u.....
    ProcessId=10264
    DateTime=2018-09-07T10:41:04.0291826Z
System.Net.Sockets Verbose: 0 : [10304] 000001A5 : 34 88 CD A8 BE 0E 37 30-64 AA 5C 2C 99 51 1F A2 : 4.....70d.\,.Q..
    ProcessId=10264
    DateTime=2018-09-07T10:41:04.0361833Z
System.Net.Sockets Verbose: 0 : [10304] 000001B5 : 59 57 42 17 38 91 7C 3F-A4 E4 73 D1 41 8F 14 B8 : YWB.8.|?..s.A...
    ProcessId=10264
    DateTime=2018-09-07T10:41:04.0371834Z
System.Net.Sockets Verbose: 0 : [10304] 000001C5 : C1 1F 8A 82 D5 F1 F5 C2-5B 23 E4 30 15 6A A4 F4 : ........[#.0.j..
    ProcessId=10264
    DateTime=2018-09-07T10:41:04.0461843Z
System.Net.Sockets Verbose: 0 : [10304] 000001D5 : 8C 16 D5 F2 D5 D2 45 BC-1B 03 4C 15 4C 81 8C A8 : ......E...L.L...
    ProcessId=10264
    DateTime=2018-09-07T10:41:04.0471844Z
System.Net.Sockets Verbose: 0 : [10304] 000001E5 : 35 4B 67 28 DB A0 BE 41-5B 34 D5 44 A2 88 61 98 : 5Kg(...A[4.D..a.
    ProcessId=10264
    DateTime=2018-09-07T10:41:04.0481845Z
System.Net.Sockets Verbose: 0 : [10304] 000001F5 : 72 D0 D7 73 8C 6E 0B 33-09 41 A9 09 F0 19 A1 D0 : r..s.n.3.A......
    ProcessId=10264
    DateTime=2018-09-07T10:41:04.0491846Z
System.Net.Sockets Verbose: 0 : [10304] 00000205 : 1E FB D3 F2 C0 BF 31 C0-7B 97 19 E4 DA 74 9E 6C : ......1.{....t.l
    ProcessId=10264
    DateTime=2018-09-07T10:41:04.0501847Z
System.Net.Sockets Verbose: 0 : [10304] 00000215 : DD 02 03 01 00 01 A3 1D-30 1B 30 09 06 03 55 1D : ........0.0...U.
    ProcessId=10264
    DateTime=2018-09-07T10:41:04.0511848Z
System.Net.Sockets Verbose: 0 : [10304] 00000225 : 13 04 02 30 00 30 0E 06-03 55 1D 0F 01 01 FF 04 : ...0.0...U......
    ProcessId=10264
    DateTime=2018-09-07T10:41:04.0511848Z
System.Net.Sockets Verbose: 0 : [10304] 00000235 : 04 03 02 05 E0 30 0D 06-09 2A 86 48 86 F7 0D 01 : .....0...*.H....
    ProcessId=10264
    DateTime=2018-09-07T10:41:04.0521849Z
System.Net.Sockets Verbose: 0 : [10304] 00000245 : 01 05 05 00 03 82 01 01-00 BA F7 97 DE F0 13 DF : ................
    ProcessId=10264
    DateTime=2018-09-07T10:41:04.0551852Z
System.Net.Sockets Verbose: 0 : [10304] 00000255 : 56 53 A6 A4 CB AD 14 2D-4F 12 52 02 E0 39 7A 95 : VS.....-O.R..9z.
    ProcessId=10264
    DateTime=2018-09-07T10:41:04.0551852Z
System.Net.Sockets Verbose: 0 : [10304] 00000265 : B7 9C 79 DF EA E5 FA 85-EC 2B A2 54 1C F6 E5 FB : ..y......+.T....
    ProcessId=10264
    DateTime=2018-09-07T10:41:04.0571854Z
System.Net.Sockets Verbose: 0 : [10304] 00000275 : B7 C2 8E CB 78 50 72 7B-0B A4 D9 CF 43 21 AD B5 : ....xPr{....C!..
    ProcessId=10264
    DateTime=2018-09-07T10:41:04.0581855Z
System.Net.Sockets Verbose: 0 : [10304] 00000285 : 62 B5 E1 CE DC 11 58 02-01 48 E7 3A D4 6B 77 14 : b.....X..H.:.kw.
    ProcessId=10264
    DateTime=2018-09-07T10:41:04.0591856Z
System.Net.Sockets Verbose: 0 : [10304] 00000295 : 28 8D 34 F9 0B 14 73 59-E3 DC 5E 39 7A 73 26 F1 : (.4...sY..^9zs&.
    ProcessId=10264
    DateTime=2018-09-07T10:41:04.0601857Z
System.Net.Sockets Verbose: 0 : [10304] 000002A5 : 86 9C 58 3D 40 C1 A2 8C-0C 7D BD BC F9 EF FD A9 : ..X=@....}......
    ProcessId=10264
    DateTime=2018-09-07T10:41:04.0611858Z
System.Net.Sockets Verbose: 0 : [10304] 000002B5 : B0 E4 64 DE E6 B5 15 41-BF 81 B8 9B 31 74 B6 E6 : ..d....A....1t..
    ProcessId=10264
    DateTime=2018-09-07T10:41:04.0621859Z
System.Net.Sockets Verbose: 0 : [10304] 000002C5 : A6 42 55 4C EF 0A DF 99-0E DC 77 55 71 9C B9 EA : .BUL......wUq...
    ProcessId=10264
    DateTime=2018-09-07T10:41:04.0681865Z
System.Net.Sockets Verbose: 0 : [10304] 000002D5 : FB 0C 1B 0E EA 1C E2 F7-C5 58 37 A6 E6 AF 1A 9B : .........X7.....
    ProcessId=10264
    DateTime=2018-09-07T10:41:04.0701867Z
System.Net.Sockets Verbose: 0 : [10304] 000002E5 : EF 5B ED E0 9B B2 91 55-BD 57 BE CD 7F 35 3B 6D : .[.....U.W...5;m
    ProcessId=10264
    DateTime=2018-09-07T10:41:04.0711868Z
System.Net.Sockets Verbose: 0 : [10304] 000002F5 : F0 B7 DA 32 E6 1B 42 F4-E9 10 B4 9C AC 97 60 4F : ...2..B.......`O
    ProcessId=10264
    DateTime=2018-09-07T10:41:04.0761873Z
System.Net.Sockets Verbose: 0 : [10304] 00000305 : 94 A5 F9 47 7A FE 4D 76-43 D7 08 F2 B7 77 6F 72 : ...Gz.MvC....wor
    ProcessId=10264
    DateTime=2018-09-07T10:41:04.0771874Z
System.Net.Sockets Verbose: 0 : [10304] 00000315 : DF 94 A2 BC 6C 4D 30 1D-0B AC FF 66 9A 8B FF 1C : ....lM0....f....
    ProcessId=10264
    DateTime=2018-09-07T10:41:04.0791876Z
System.Net.Sockets Verbose: 0 : [10304] 00000325 : 6B A6 36 F7 B0 88 AE F0-9C E0 98 3C F8 1B 08 AB : k.6........<....
    ProcessId=10264
    DateTime=2018-09-07T10:41:04.0791876Z
System.Net.Sockets Verbose: 0 : [10304] 00000335 : 8C 30 0B 17 8A 17 F3 B9-D0 1A 31 D8 5F 76 71 8C : .0........1._vq.
    ProcessId=10264
    DateTime=2018-09-07T10:41:04.0801877Z
System.Net.Sockets Verbose: 0 : [10304] 00000345 : 31 59 84 8F 43 FC 9E 56-4F 00 05 25 30 82 05 21 : 1Y..C..VO..%0..!
    ProcessId=10264
    DateTime=2018-09-07T10:41:04.0801877Z
System.Net.Sockets Verbose: 0 : [10304] 00000355 : 30 82 04 09 A0 03 02 01-02 02 09 00 91 26 57 5C : 0............&W\
    ProcessId=10264
    DateTime=2018-09-07T10:41:04.0811878Z
System.Net.Sockets Verbose: 0 : [10304] 00000365 : 00 C8 2F 77 30 0D 06 09-2A 86 48 86 F7 0D 01 01 : ../w0...*.H.....
    ProcessId=10264
    DateTime=2018-09-07T10:41:04.0821879Z
System.Net.Sockets Verbose: 0 : [10304] 00000375 : 05 05 00 30 81 BB 31 0B-30 09 06 03 55 04 06 13 : ...0..1.0...U...
    ProcessId=10264
    DateTime=2018-09-07T10:41:04.0841881Z
System.Net.Sockets Verbose: 0 : [10304] 00000385 : 02 49 4E 31 10 30 0E 06-03 55 04 08 0C 07 47 75 : .IN1.0...U....Gu
    ProcessId=10264
    DateTime=2018-09-07T10:41:04.0851882Z
System.Net.Sockets Verbose: 0 : [10304] 00000395 : 6A 61 72 61 74 31 12 30-10 06 03 55 04 07 0C 09 : jarat1.0...U....
    ProcessId=10264
    DateTime=2018-09-07T10:41:04.0861883Z
System.Net.Sockets Verbose: 0 : [10304] 000003A5 : 41 68 6D 65 64 61 62 61-64 31 11 30 0F 06 03 55 : Ahmedabad1.0...U
    ProcessId=10264
    DateTime=2018-09-07T10:41:04.0871884Z
System.Net.Sockets Verbose: 0 : [10304] 000003B5 : 04 0A 0C 08 43 79 62 65-72 6F 61 6D 31 27 30 25 : ....Cyberoam1'0%
    ProcessId=10264
    DateTime=2018-09-07T10:41:04.0881885Z
System.Net.Sockets Verbose: 0 : [10304] 000003C5 : 06 03 55 04 0B 0C 1E 43-79 62 65 72 6F 61 6D 20 : ..U....Cyberoam 
    ProcessId=10264
    DateTime=2018-09-07T10:41:04.0881885Z
System.Net.Sockets Verbose: 0 : [10304] 000003D5 : 43 65 72 74 69 66 69 63-61 74 65 20 41 75 74 68 : Certificate Auth
    ProcessId=10264
    DateTime=2018-09-07T10:41:04.0891886Z
System.Net.Sockets Verbose: 0 : [10304] 000003E5 : 6F 72 69 74 79 31 25 30-23 06 03 55 04 03 0C 1C : ority1%0#..U....
    ProcessId=10264
    DateTime=2018-09-07T10:41:04.0891886Z
System.Net.Sockets Verbose: 0 : [10304] 000003F5 : 43 79 62 65 72 6F 61 6D-20 53 53 4C 20 43 41 5F : Cyberoam SSL CA_
    ProcessId=10264
    DateTime=2018-09-07T10:41:04.0901887Z
System.Net.Sockets Verbose: 0 : [10304] Exiting Socket#54935415::Receive() 	-> Int32#2161
    ProcessId=10264
    DateTime=2018-09-07T10:41:04.0911888Z
System.Net Information: 0 : [10304] InitializeSecurityContext(credential = System.Net.SafeFreeCredential_SECURITY, context = 133b070:17830a0, targetName = smtp.gmail.com, inFlags = ReplayDetect, SequenceDetect, Confidentiality, AllocateMemory, InitManualCredValidation)
    ProcessId=10264
    DateTime=2018-09-07T10:41:04.0921889Z
System.Net Information: 0 : [10304] InitializeSecurityContext(In-Buffers count=2, Out-Buffer length=0, returned code=ContinueNeeded).
    ProcessId=10264
    DateTime=2018-09-07T10:41:04.0931890Z
System.Net.Sockets Verbose: 0 : [10304] Entering Socket#54935415::Receive()
    ProcessId=10264
    DateTime=2018-09-07T10:41:04.0931890Z
System.Net.Sockets Verbose: 0 : [10304] Data from Socket#54935415::Receive
    ProcessId=10264
    DateTime=2018-09-07T10:41:04.0981895Z
System.Net.Sockets Verbose: 0 : [10304] 00000000 : 16 03 01 00 04                                  : .....
    ProcessId=10264
    DateTime=2018-09-07T10:41:04.0981895Z
System.Net.Sockets Verbose: 0 : [10304] Exiting Socket#54935415::Receive() 	-> Int32#5
    ProcessId=10264
    DateTime=2018-09-07T10:41:04.0991896Z
System.Net.Sockets Verbose: 0 : [10304] Entering Socket#54935415::Receive()
    ProcessId=10264
    DateTime=2018-09-07T10:41:04.1001897Z
System.Net.Sockets Verbose: 0 : [10304] Data from Socket#54935415::Receive
    ProcessId=10264
    DateTime=2018-09-07T10:41:04.1001897Z
System.Net.Sockets Verbose: 0 : [10304] 00000005 : 0E 00 00 00                                     : ....
    ProcessId=10264
    DateTime=2018-09-07T10:41:04.1081905Z
System.Net.Sockets Verbose: 0 : [10304] Exiting Socket#54935415::Receive() 	-> Int32#4
    ProcessId=10264
    DateTime=2018-09-07T10:41:04.1091906Z
System.Net Information: 0 : [10304] InitializeSecurityContext(credential = System.Net.SafeFreeCredential_SECURITY, context = 133b070:17830a0, targetName = smtp.gmail.com, inFlags = ReplayDetect, SequenceDetect, Confidentiality, AllocateMemory, InitManualCredValidation)
    ProcessId=10264
    DateTime=2018-09-07T10:41:04.1101907Z
System.Net Information: 0 : [10304] InitializeSecurityContext(In-Buffers count=2, Out-Buffer length=198, returned code=ContinueNeeded).
    ProcessId=10264
    DateTime=2018-09-07T10:41:04.1111908Z
System.Net.Sockets Verbose: 0 : [10304] Entering Socket#54935415::Send()
    ProcessId=10264
    DateTime=2018-09-07T10:41:04.1121909Z
System.Net.Sockets Verbose: 0 : [10304] Data from Socket#54935415::Send
    ProcessId=10264
    DateTime=2018-09-07T10:41:04.1141911Z
System.Net.Sockets Verbose: 0 : [10304] 00000000 : 16 03 01 00 86 10 00 00-82 00 80 61 06 9B 87 00 : ...........a....
    ProcessId=10264
    DateTime=2018-09-07T10:41:04.1161913Z
System.Net.Sockets Verbose: 0 : [10304] 00000010 : 79 59 CE 95 21 B1 A3 34-5A 2F 66 C5 51 F2 C0 02 : yY..!..4Z/f.Q...
    ProcessId=10264
    DateTime=2018-09-07T10:41:04.1171914Z
System.Net.Sockets Verbose: 0 : [10304] 00000020 : EE E3 CF C2 E5 08 E8 F6-72 90 17 33 69 A6 45 03 : ........r..3i.E.
    ProcessId=10264
    DateTime=2018-09-07T10:41:04.1181915Z
System.Net.Sockets Verbose: 0 : [10304] 00000030 : 67 30 A5 8E 9E 60 3F A0-E7 DE C8 FB 67 35 4E FF : g0...`?.....g5N.
    ProcessId=10264
    DateTime=2018-09-07T10:41:04.1191916Z
System.Net.Sockets Verbose: 0 : [10304] 00000040 : 52 7F 99 63 B1 6A CB AB-E6 BA 10 B6 90 D5 CB B2 : R..c.j..........
    ProcessId=10264
    DateTime=2018-09-07T10:41:04.1201917Z
System.Net.Sockets Verbose: 0 : [10304] 00000050 : F6 14 F7 18 2F 86 A5 46-24 19 CC 82 D3 9D 67 D0 : ..../..F$.....g.
    ProcessId=10264
    DateTime=2018-09-07T10:41:04.1221919Z
System.Net.Sockets Verbose: 0 : [10304] 00000060 : 85 70 CA 47 0A 18 CA 28-60 45 58 86 40 5F A4 0B : .p.G...(`EX.@_..
    ProcessId=10264
    DateTime=2018-09-07T10:41:04.1221919Z
System.Net.Sockets Verbose: 0 : [10304] 00000070 : 89 F4 E3 A1 75 51 12 CC-1F BC 70 4D 61 93 E4 EE : ....uQ....pMa...
    ProcessId=10264
    DateTime=2018-09-07T10:41:04.1231920Z
System.Net.Sockets Verbose: 0 : [10304] 00000080 : 33 82 9C B8 7F 4A CF 33-74 D0 E4 14 03 01 00 01 : 3....J.3t.......
    ProcessId=10264
    DateTime=2018-09-07T10:41:04.1241921Z
System.Net.Sockets Verbose: 0 : [10304] 00000090 : 01 16 03 01 00 30 4F 47-11 C2 D3 69 1A 8C DD 3E : .....0OG...i...>
    ProcessId=10264
    DateTime=2018-09-07T10:41:04.1251922Z
System.Net.Sockets Verbose: 0 : [10304] 000000A0 : 7A 2A EB 7F 01 2D 26 F0-C4 20 5A 7A 33 09 46 5B : z*...-&.. Zz3.F[
    ProcessId=10264
    DateTime=2018-09-07T10:41:04.1261923Z
System.Net.Sockets Verbose: 0 : [10304] 000000B0 : 79 62 CA 66 EE D5 54 01-D3 A0 22 52 82 3B FB 21 : yb.f..T..."R.;.!
    ProcessId=10264
    DateTime=2018-09-07T10:41:04.1281925Z
System.Net.Sockets Verbose: 0 : [10304] 000000C0 : 53 25 31 97 53 DA                               : S%1.S.
    ProcessId=10264
    DateTime=2018-09-07T10:41:04.1301927Z
System.Net.Sockets Verbose: 0 : [10304] Exiting Socket#54935415::Send() 	-> Int32#198
    ProcessId=10264
    DateTime=2018-09-07T10:41:04.1331930Z
System.Net.Sockets Verbose: 0 : [10304] Entering Socket#54935415::Receive()
    ProcessId=10264
    DateTime=2018-09-07T10:41:04.1341931Z
System.Net.Sockets Verbose: 0 : [10304] Data from Socket#54935415::Receive
    ProcessId=10264
    DateTime=2018-09-07T10:41:04.1361933Z
System.Net.Sockets Verbose: 0 : [10304] 00000000 : 14 03 01 00 01                                  : .....
    ProcessId=10264
    DateTime=2018-09-07T10:41:04.1371934Z
System.Net.Sockets Verbose: 0 : [10304] Exiting Socket#54935415::Receive() 	-> Int32#5
    ProcessId=10264
    DateTime=2018-09-07T10:41:04.1381935Z
System.Net.Sockets Verbose: 0 : [10304] Entering Socket#54935415::Receive()
    ProcessId=10264
    DateTime=2018-09-07T10:41:04.1381935Z
System.Net.Sockets Verbose: 0 : [10304] Data from Socket#54935415::Receive
    ProcessId=10264
    DateTime=2018-09-07T10:41:04.1391936Z
System.Net.Sockets Verbose: 0 : [10304] 00000005 : 01                                              : .
    ProcessId=10264
    DateTime=2018-09-07T10:41:04.1401937Z
System.Net.Sockets Verbose: 0 : [10304] Exiting Socket#54935415::Receive() 	-> Int32#1
    ProcessId=10264
    DateTime=2018-09-07T10:41:04.1411938Z
System.Net Information: 0 : [10304] InitializeSecurityContext(credential = System.Net.SafeFreeCredential_SECURITY, context = 133b070:17830a0, targetName = smtp.gmail.com, inFlags = ReplayDetect, SequenceDetect, Confidentiality, AllocateMemory, InitManualCredValidation)
    ProcessId=10264
    DateTime=2018-09-07T10:41:04.1411938Z
System.Net Information: 0 : [10304] InitializeSecurityContext(In-Buffers count=2, Out-Buffer length=0, returned code=ContinueNeeded).
    ProcessId=10264
    DateTime=2018-09-07T10:41:04.1451942Z
System.Net.Sockets Verbose: 0 : [10304] Entering Socket#54935415::Receive()
    ProcessId=10264
    DateTime=2018-09-07T10:41:04.1461943Z
System.Net.Sockets Verbose: 0 : [10304] Data from Socket#54935415::Receive
    ProcessId=10264
    DateTime=2018-09-07T10:41:04.1471944Z
System.Net.Sockets Verbose: 0 : [10304] 00000000 : 16 03 01 00 30                                  : ....0
    ProcessId=10264
    DateTime=2018-09-07T10:41:04.1471944Z
System.Net.Sockets Verbose: 0 : [10304] Exiting Socket#54935415::Receive() 	-> Int32#5
    ProcessId=10264
    DateTime=2018-09-07T10:41:04.1481945Z
System.Net.Sockets Verbose: 0 : [10304] Entering Socket#54935415::Receive()
    ProcessId=10264
    DateTime=2018-09-07T10:41:04.1491946Z
System.Net.Sockets Verbose: 0 : [10304] Data from Socket#54935415::Receive
    ProcessId=10264
    DateTime=2018-09-07T10:41:04.1551952Z
System.Net.Sockets Verbose: 0 : [10304] 00000005 : 03 42 84 2D 2C 33 FA 4C-A4 B5 CC 3F CC 8A FD 4D : .B.-,3.L...?...M
    ProcessId=10264
    DateTime=2018-09-07T10:41:04.1581955Z
System.Net.Sockets Verbose: 0 : [10304] 00000015 : 4C 71 9F 42 7F 4E 67 37-4D D5 DD 25 18 9B 57 6C : Lq.B.Ng7M..%..Wl
    ProcessId=10264
    DateTime=2018-09-07T10:41:04.1641961Z
System.Net.Sockets Verbose: 0 : [10304] 00000025 : C6 87 24 45 4A 02 74 AE-ED 53 38 1C 84 79 9D 4E : ..$EJ.t..S8..y.N
    ProcessId=10264
    DateTime=2018-09-07T10:41:04.1641961Z
System.Net.Sockets Verbose: 0 : [10304] Exiting Socket#54935415::Receive() 	-> Int32#48
    ProcessId=10264
    DateTime=2018-09-07T10:41:04.1651962Z
System.Net Information: 0 : [10304] InitializeSecurityContext(credential = System.Net.SafeFreeCredential_SECURITY, context = 133b070:17830a0, targetName = smtp.gmail.com, inFlags = ReplayDetect, SequenceDetect, Confidentiality, AllocateMemory, InitManualCredValidation)
    ProcessId=10264
    DateTime=2018-09-07T10:41:04.1661963Z
System.Net Information: 0 : [10304] InitializeSecurityContext(In-Buffers count=2, Out-Buffer length=0, returned code=OK).
    ProcessId=10264
    DateTime=2018-09-07T10:41:04.1661963Z
System.Net Information: 0 : [10304] Remote certificate: [Version]
  V3

[Subject]
  CN=smtp.gmail.com, O=Google LLC, L=Mountain View, S=California, C=US
  Simple Name: smtp.gmail.com
  DNS Name: smtp.gmail.com

[Issuer]
  E=support@cyberoam.com, CN=Cyberoam SSL CA_C18615277690, OU=Cyberoam Certificate Authority, O=Cyberoam, L=Ahmedabad, S=Gujarat, C=IN
  Simple Name: Cyberoam SSL CA_C18615277690
  Email Name: support@cyberoam.com
  DNS Name: Cyberoam SSL CA_C18615277690

[Serial Number]
  44069908

[Not Before]
  14-08-2018 13:09:50

[Not After]
  23-10-2018 13:07:00

[Thumbprint]
  703E1D0B0C94925F9CEDAF459CF47DAF7F1CD736

[Signature Algorithm]
  sha1RSA(1.2.840.113549.1.1.5)

[Public Key]
  Algorithm: RSA
  Length: 1024
  Key Blob: 30 81 89 02 81 81 00 ce 8a 65 f8 95 ab a1 ae 3f 75 b0 d6 c5 98 b2 34 88 cd a8 be 0e 37 30 64 aa 5c 2c 99 51 1f a2 59 57 42 17 38 91 7c 3f a4 e4 73 d1 41 8f 14 b8 c1 1f 8a 82 d5 f1 f5 c2 5b 23 e4 30 15 6a a4 f4 8c 16 d5 f2 d5 d2 45 bc 1b 03 4c 15 4c 81 8c a8 35 4b 67 28 db a0 be 41 5b 34 d5 44 a2 88 6....
    ProcessId=10264
    DateTime=2018-09-07T10:41:04.5232320Z
System.Net Information: 0 : [10304] SecureChannel#65863075 - Remote certificate has errors:
    ProcessId=10264
    DateTime=2018-09-07T10:41:04.5242321Z
System.Net Information: 0 : [10304] SecureChannel#65863075 - 	A certificate chain processed, but terminated in a root certificate which is not trusted by the trust provider.

    ProcessId=10264
    DateTime=2018-09-07T10:41:04.5252322Z
System.Net Information: 0 : [10304] SecureChannel#65863075 - Remote certificate was verified as invalid by the user.
    ProcessId=10264
    DateTime=2018-09-07T10:41:04.5262323Z
System.Net Error: 0 : [10304] Exception in SmtpClient#34945278::Send - The remote certificate is invalid according to the validation procedure..
   at System.Net.Security.SslState.StartSendAuthResetSignal(ProtocolToken message, AsyncProtocolRequest asyncRequest, Exception exception)
   at System.Net.Security.SslState.CheckCompletionBeforeNextReceive(ProtocolToken message, AsyncProtocolRequest asyncRequest)
   at System.Net.Security.SslState.ProcessReceivedBlob(Byte[] buffer, Int32 count, AsyncProtocolRequest asyncRequest)
   at System.Net.Security.SslState.StartReceiveBlob(Byte[] buffer, AsyncProtocolRequest asyncRequest)
   at System.Net.Security.SslState.CheckCompletionBeforeNextReceive(ProtocolToken message, AsyncProtocolRequest asyncRequest)
   at System.Net.Security.SslState.ProcessReceivedBlob(Byte[] buffer, Int32 count, AsyncProtocolRequest asyncRequest)
   at System.Net.Security.SslState.StartReceiveBlob(Byte[] buffer, AsyncProtocolRequest asyncRequest)
   at System.Net.Security.SslState.CheckCompletionBeforeNextReceive(ProtocolToken message, AsyncProtocolRequest asyncRequest)
   at System.Net.Security.SslState.ProcessReceivedBlob(Byte[] buffer, Int32 count, AsyncProtocolRequest asyncRequest)
   at System.Net.Security.SslState.StartReceiveBlob(Byte[] buffer, AsyncProtocolRequest asyncRequest)
   at System.Net.Security.SslState.CheckCompletionBeforeNextReceive(ProtocolToken message, AsyncProtocolRequest asyncRequest)
   at System.Net.Security.SslState.ProcessReceivedBlob(Byte[] buffer, Int32 count, AsyncProtocolRequest asyncRequest)
   at System.Net.Security.SslState.StartReceiveBlob(Byte[] buffer, AsyncProtocolRequest asyncRequest)
   at System.Net.Security.SslState.CheckCompletionBeforeNextReceive(ProtocolToken message, AsyncProtocolRequest asyncRequest)
   at System.Net.Security.SslState.ProcessReceivedBlob(Byte[] buffer, Int32 count, AsyncProtocolRequest asyncRequest)
   at System.Net.Security.SslState.StartReceiveBlob(Byte[] buffer, AsyncProtocolRequest asyncRequest)
   at System.Net.Security.SslState.CheckCompletionBeforeNextReceive(ProtocolToken message, AsyncProtocolRequest asyncRequest)
   at System.Net.Security.SslState.ForceAuthentication(Boolean receiveFirst, Byte[] buffer, AsyncProtocolRequest asyncRequest)
   at System.Net.Security.SslState.ProcessAuthentication(LazyAsyncResult lazyResult)
   at System.Threading.ExecutionContext.RunInternal(ExecutionContext executionContext, ContextCallback callback, Object state, Boolean preserveSyncCtx)
   at System.Threading.ExecutionContext.Run(ExecutionContext executionContext, ContextCallback callback, Object state, Boolean preserveSyncCtx)
   at System.Threading.ExecutionContext.Run(ExecutionContext executionContext, ContextCallback callback, Object state)
   at System.Net.TlsStream.ProcessAuthentication(LazyAsyncResult result)
   at System.Net.TlsStream.Write(Byte[] buffer, Int32 offset, Int32 size)
   at System.Net.Mail.SmtpConnection.Flush()
   at System.Net.Mail.ReadLinesCommand.Send(SmtpConnection conn)
   at System.Net.Mail.EHelloCommand.Send(SmtpConnection conn, String domain)
   at System.Net.Mail.SmtpConnection.GetConnection(ServicePoint servicePoint)
   at System.Net.Mail.SmtpClient.GetConnection()
   at System.Net.Mail.SmtpClient.Send(MailMessage message)
    ProcessId=10264
    DateTime=2018-09-07T10:41:04.5302327Z
System.Net.Sockets Verbose: 0 : [10304] Entering Socket#54935415::Dispose()
    ProcessId=10264
    DateTime=2018-09-07T10:41:04.5442341Z
System.Net Verbose: 0 : [10304] Entering SmtpPooledStream::Dispose #44656632
    ProcessId=10264
    DateTime=2018-09-07T10:41:04.5452342Z
System.Net Verbose: 0 : [10304] Exiting SmtpPooledStream::Dispose #44656632
    ProcessId=10264
    DateTime=2018-09-07T10:41:04.5462343Z
System.Net Verbose: 0 : [10304] Exiting SmtpClient#34945278::Send() 
    ProcessId=10264
    DateTime=2018-09-07T10:41:04.6072404Z
System.Net Verbose: 0 : [9008] Entering SmtpClient::.ctor(host=smtp.gmail.com, port=587)
    ProcessId=10264
    DateTime=2018-09-07T10:41:24.8332628Z
System.Net Information: 0 : [9008] Associating SmtpClient#4181254 with SmtpTransport#19862288
    ProcessId=10264
    DateTime=2018-09-07T10:41:24.8352630Z
System.Net Verbose: 0 : [9008] Exiting SmtpClient::.ctor() 	-> SmtpClient#4181254
    ProcessId=10264
    DateTime=2018-09-07T10:41:24.8362631Z
System.Net Information: 0 : [9008] Associating MailMessage#10572931 with Message#26283972
    ProcessId=10264
    DateTime=2018-09-07T10:41:24.8372632Z
System.Net Verbose: 0 : [9008] Entering SmtpClient#4181254::Send(MailMessage#10572931)
    ProcessId=10264
    DateTime=2018-09-07T10:41:24.8382633Z
System.Net Information: 0 : [9008] SmtpClient#4181254::Send(DeliveryMethod=Network)
    ProcessId=10264
    DateTime=2018-09-07T10:41:24.8382633Z
System.Net Information: 0 : [9008] Associating SmtpClient#4181254 with MailMessage#10572931
    ProcessId=10264
    DateTime=2018-09-07T10:41:24.8392634Z
System.Net Information: 0 : [9008] Associating SmtpTransport#19862288 with SmtpConnection#19545114
    ProcessId=10264
    DateTime=2018-09-07T10:41:24.8402635Z
System.Net Information: 0 : [9008] Associating SmtpConnection#19545114 with ServicePoint#61707732
    ProcessId=10264
    DateTime=2018-09-07T10:41:24.8402635Z
System.Net.Sockets Verbose: 0 : [9008] Entering Socket#50722009::Socket(AddressFamily#2)
    ProcessId=10264
    DateTime=2018-09-07T10:41:24.8412636Z
System.Net.Sockets Verbose: 0 : [9008] Exiting Socket#50722009::Socket() 
    ProcessId=10264
    DateTime=2018-09-07T10:41:24.8422637Z
System.Net.Sockets Verbose: 0 : [9008] Entering Socket#16403536::Socket(AddressFamily#23)
    ProcessId=10264
    DateTime=2018-09-07T10:41:24.8422637Z
System.Net.Sockets Verbose: 0 : [9008] Exiting Socket#16403536::Socket() 
    ProcessId=10264
    DateTime=2018-09-07T10:41:24.8432638Z
System.Net.Sockets Verbose: 0 : [9008] Entering Socket#50722009::Connect(173.194.68.108:587#1816445158)
    ProcessId=10264
    DateTime=2018-09-07T10:41:24.8442639Z
System.Net.Sockets Information: 0 : [9008] Socket#50722009 - Created connection from 192.168.170.234:62134 to 173.194.68.108:587.
    ProcessId=10264
    DateTime=2018-09-07T10:41:24.8452640Z
System.Net.Sockets Verbose: 0 : [9008] Exiting Socket#50722009::Connect() 
    ProcessId=10264
    DateTime=2018-09-07T10:41:24.8462641Z
System.Net.Sockets Verbose: 0 : [9008] Entering Socket#16403536::Close()
    ProcessId=10264
    DateTime=2018-09-07T10:41:24.8472642Z
System.Net.Sockets Verbose: 0 : [9008] Entering Socket#16403536::Dispose()
    ProcessId=10264
    DateTime=2018-09-07T10:41:24.8482643Z
System.Net.Sockets Verbose: 0 : [9008] Exiting Socket#16403536::Close() 
    ProcessId=10264
    DateTime=2018-09-07T10:41:24.8512646Z
System.Net Information: 0 : [9008] SmtpPooledStream#52123343 - Created connection from 192.168.170.234:62134 to 173.194.68.108:587.
    ProcessId=10264
    DateTime=2018-09-07T10:41:24.8522647Z
System.Net Information: 0 : [9008] Associating SmtpConnection#19545114 with SmtpPooledStream#52123343
    ProcessId=10264
    DateTime=2018-09-07T10:41:24.8532648Z
System.Net.Sockets Verbose: 0 : [9008] Entering Socket#50722009::Receive()
    ProcessId=10264
    DateTime=2018-09-07T10:41:24.8542649Z
System.Net.Sockets Verbose: 0 : [9008] Data from Socket#50722009::Receive
    ProcessId=10264
    DateTime=2018-09-07T10:41:25.4263221Z
System.Net.Sockets Verbose: 0 : [9008] 00000000 : 32 32 30 20 73 6D 74 70-2E 67 6D 61 69 6C 2E 63 : 220 smtp.gmail.c
    ProcessId=10264
    DateTime=2018-09-07T10:41:25.4273222Z
System.Net.Sockets Verbose: 0 : [9008] 00000010 : 6F 6D 20 45 53 4D 54 50-20 76 35 30 2D 76 36 73 : om ESMTP v50-v6s
    ProcessId=10264
    DateTime=2018-09-07T10:41:25.4283223Z
System.Net.Sockets Verbose: 0 : [9008] 00000020 : 6D 34 36 38 31 39 32 34-71 74 6B 2E 36 38 20 2D : m4681924qtk.68 -
    ProcessId=10264
    DateTime=2018-09-07T10:41:25.4303225Z
System.Net.Sockets Verbose: 0 : [9008] 00000030 : 20 67 73 6D 74 70 0D 0A-                        :  gsmtp..
    ProcessId=10264
    DateTime=2018-09-07T10:41:25.4323227Z
System.Net.Sockets Verbose: 0 : [9008] Exiting Socket#50722009::Receive() 	-> Int32#56
    ProcessId=10264
    DateTime=2018-09-07T10:41:25.4323227Z
System.Net.Sockets Verbose: 0 : [9008] Entering Socket#50722009::Send()
    ProcessId=10264
    DateTime=2018-09-07T10:41:25.4403235Z
System.Net.Sockets Verbose: 0 : [9008] Data from Socket#50722009::Send
    ProcessId=10264
    DateTime=2018-09-07T10:41:25.4403235Z
System.Net.Sockets Verbose: 0 : [9008] 00000000 : 45 48 4C 4F 20 53 46 53-49 2D 44 49 57 41 4B 41 : EHLO SFSI-DIWAKA
    ProcessId=10264
    DateTime=2018-09-07T10:41:25.4453240Z
System.Net.Sockets Verbose: 0 : [9008] 00000010 : 52 2D 57 37 0D 0A                               : R-W7..
    ProcessId=10264
    DateTime=2018-09-07T10:41:25.4453240Z
System.Net.Sockets Verbose: 0 : [9008] Exiting Socket#50722009::Send() 	-> Int32#22
    ProcessId=10264
    DateTime=2018-09-07T10:41:25.4463241Z
System.Net.Sockets Verbose: 0 : [9008] Entering Socket#50722009::Receive()
    ProcessId=10264
    DateTime=2018-09-07T10:41:25.4503245Z
System.Net.Sockets Verbose: 0 : [9008] Data from Socket#50722009::Receive
    ProcessId=10264
    DateTime=2018-09-07T10:41:25.7373532Z
System.Net.Sockets Verbose: 0 : [9008] 00000000 : 32 35 30 2D 73 6D 74 70-2E 67 6D 61 69 6C 2E 63 : 250-smtp.gmail.c
    ProcessId=10264
    DateTime=2018-09-07T10:41:25.7393534Z
System.Net.Sockets Verbose: 0 : [9008] 00000010 : 6F 6D 20 61 74 20 79 6F-75 72 20 73 65 72 76 69 : om at your servi
    ProcessId=10264
    DateTime=2018-09-07T10:41:25.7403535Z
System.Net.Sockets Verbose: 0 : [9008] 00000020 : 63 65 2C 20 5B 32 30 32-2E 36 35 2E 31 35 35 2E : ce, [202.65.155.
    ProcessId=10264
    DateTime=2018-09-07T10:41:25.7413536Z
System.Net.Sockets Verbose: 0 : [9008] 00000030 : 35 30 5D 0D 0A 32 35 30-2D 53 49 5A 45 20 33 35 : 50]..250-SIZE 35
    ProcessId=10264
    DateTime=2018-09-07T10:41:25.7423537Z
System.Net.Sockets Verbose: 0 : [9008] 00000040 : 38 38 32 35 37 37 0D 0A-32 35 30 2D 38 42 49 54 : 882577..250-8BIT
    ProcessId=10264
    DateTime=2018-09-07T10:41:25.7453540Z
System.Net.Sockets Verbose: 0 : [9008] 00000050 : 4D 49 4D 45 0D 0A 32 35-30 2D 53 54 41 52 54 54 : MIME..250-STARTT
    ProcessId=10264
    DateTime=2018-09-07T10:41:25.7483543Z
System.Net.Sockets Verbose: 0 : [9008] 00000060 : 4C 53 0D 0A 32 35 30 2D-45 4E 48 41 4E 43 45 44 : LS..250-ENHANCED
    ProcessId=10264
    DateTime=2018-09-07T10:41:25.7503545Z
System.Net.Sockets Verbose: 0 : [9008] 00000070 : 53 54 41 54 55 53 43 4F-44 45 53 0D 0A 32 35 30 : STATUSCODES..250
    ProcessId=10264
    DateTime=2018-09-07T10:41:25.7523547Z
System.Net.Sockets Verbose: 0 : [9008] 00000080 : 2D 50 49 50 45 4C 49 4E-49 4E 47 0D 0A 32 35 30 : -PIPELINING..250
    ProcessId=10264
    DateTime=2018-09-07T10:41:25.7543549Z
System.Net.Sockets Verbose: 0 : [9008] 00000090 : 20 53 4D 54 50 55 54 46-38 0D 0A                :  SMTPUTF8..
    ProcessId=10264
    DateTime=2018-09-07T10:41:25.7553550Z
System.Net.Sockets Verbose: 0 : [9008] Exiting Socket#50722009::Receive() 	-> Int32#155
    ProcessId=10264
    DateTime=2018-09-07T10:41:25.7573552Z
System.Net.Sockets Verbose: 0 : [9008] Entering Socket#50722009::Send()
    ProcessId=10264
    DateTime=2018-09-07T10:41:25.7583553Z
System.Net.Sockets Verbose: 0 : [9008] Data from Socket#50722009::Send
    ProcessId=10264
    DateTime=2018-09-07T10:41:25.7613556Z
System.Net.Sockets Verbose: 0 : [9008] 00000000 : 53 54 41 52 54 54 4C 53-0D 0A                   : STARTTLS..
    ProcessId=10264
    DateTime=2018-09-07T10:41:25.7623557Z
System.Net.Sockets Verbose: 0 : [9008] Exiting Socket#50722009::Send() 	-> Int32#10
    ProcessId=10264
    DateTime=2018-09-07T10:41:25.7673562Z
System.Net.Sockets Verbose: 0 : [9008] Entering Socket#50722009::Receive()
    ProcessId=10264
    DateTime=2018-09-07T10:41:25.7683563Z
System.Net.Sockets Verbose: 0 : [9008] Data from Socket#50722009::Receive
    ProcessId=10264
    DateTime=2018-09-07T10:41:26.0493844Z
System.Net.Sockets Verbose: 0 : [9008] 00000000 : 32 32 30 20 32 2E 30 2E-30 20 52 65 61 64 79 20 : 220 2.0.0 Ready 
    ProcessId=10264
    DateTime=2018-09-07T10:41:26.0503845Z
System.Net.Sockets Verbose: 0 : [9008] 00000010 : 74 6F 20 73 74 61 72 74-20 54 4C 53 0D 0A       : to start TLS..
    ProcessId=10264
    DateTime=2018-09-07T10:41:26.0513846Z
System.Net.Sockets Verbose: 0 : [9008] Exiting Socket#50722009::Receive() 	-> Int32#30
    ProcessId=10264
    DateTime=2018-09-07T10:41:26.0523847Z
System.Net Information: 0 : [9008] TlsStream#1299196::.ctor(host=smtp.gmail.com, #certs=0, checkCertificateRevocationList=False, sslProtocols=Default)
    ProcessId=10264
    DateTime=2018-09-07T10:41:26.0523847Z
System.Net Information: 0 : [9008] SecureChannel#43322803::.ctor(hostname=smtp.gmail.com, #clientCertificates=0, encryptionPolicy=RequireEncryption)
    ProcessId=10264
    DateTime=2018-09-07T10:41:26.0543849Z
System.Net Information: 0 : [9008] SecureChannel#43322803 - Left with 0 client certificates to choose from.
    ProcessId=10264
    DateTime=2018-09-07T10:41:26.0543849Z
System.Net Information: 0 : [9008] Using the cached credential handle.
    ProcessId=10264
    DateTime=2018-09-07T10:41:26.0553850Z
System.Net Information: 0 : [9008] InitializeSecurityContext(credential = System.Net.SafeFreeCredential_SECURITY, context = (null), targetName = smtp.gmail.com, inFlags = ReplayDetect, SequenceDetect, Confidentiality, AllocateMemory, InitManualCredValidation)
    ProcessId=10264
    DateTime=2018-09-07T10:41:26.0563851Z
System.Net Information: 0 : [9008] InitializeSecurityContext(In-Buffer length=0, Out-Buffer length=158, returned code=ContinueNeeded).
    ProcessId=10264
    DateTime=2018-09-07T10:41:26.0573852Z
System.Net.Sockets Verbose: 0 : [9008] Entering Socket#50722009::Send()
    ProcessId=10264
    DateTime=2018-09-07T10:41:26.0583853Z
System.Net.Sockets Verbose: 0 : [9008] Data from Socket#50722009::Send
    ProcessId=10264
    DateTime=2018-09-07T10:41:26.0593854Z
System.Net.Sockets Verbose: 0 : [9008] 00000000 : 16 03 01 00 99 01 00 00-95 03 01 5B 92 55 D6 D7 : ...........[.U..
    ProcessId=10264
    DateTime=2018-09-07T10:41:26.0603855Z
System.Net.Sockets Verbose: 0 : [9008] 00000010 : 31 A4 5A 5D B2 6E BE AC-A5 99 C4 71 5F CD 59 DB : 1.Z].n.....q_.Y.
    ProcessId=10264
    DateTime=2018-09-07T10:41:26.0613856Z
System.Net.Sockets Verbose: 0 : [9008] 00000020 : A4 FA 74 21 DF C5 78 FB-A4 A7 2D 20 9B CA 22 10 : ..t!..x...- ..".
    ProcessId=10264
    DateTime=2018-09-07T10:41:26.0623857Z
System.Net.Sockets Verbose: 0 : [9008] 00000030 : 2F C5 83 E8 17 3C 7A B4-5D A8 1F 62 77 FE 2F F1 : /....<z.]..bw./.
    ProcessId=10264
    DateTime=2018-09-07T10:41:26.0633858Z
System.Net.Sockets Verbose: 0 : [9008] 00000040 : 3F 5F B2 60 1A 5D 03 53-EC 5F 52 28 00 1C C0 14 : ?_.`.].S._R(....
    ProcessId=10264
    DateTime=2018-09-07T10:41:26.0643859Z
System.Net.Sockets Verbose: 0 : [9008] 00000050 : C0 13 00 39 00 33 00 35-00 2F C0 0A C0 09 00 38 : ...9.3.5./.....8
    ProcessId=10264
    DateTime=2018-09-07T10:41:26.0653860Z
System.Net.Sockets Verbose: 0 : [9008] 00000060 : 00 32 00 0A 00 13 00 05-00 04 01 00 00 30 00 00 : .2...........0..
    ProcessId=10264
    DateTime=2018-09-07T10:41:26.0663861Z
System.Net.Sockets Verbose: 0 : [9008] 00000070 : 00 13 00 11 00 00 0E 73-6D 74 70 2E 67 6D 61 69 : .......smtp.gmai
    ProcessId=10264
    DateTime=2018-09-07T10:41:26.0673862Z
System.Net.Sockets Verbose: 0 : [9008] 00000080 : 6C 2E 63 6F 6D 00 0A 00-06 00 04 00 17 00 18 00 : l.com...........
    ProcessId=10264
    DateTime=2018-09-07T10:41:26.0683863Z
System.Net.Sockets Verbose: 0 : [9008] 00000090 : 0B 00 02 01 00 00 17 00-00 FF 01 00 01 00       : ..............
    ProcessId=10264
    DateTime=2018-09-07T10:41:26.0693864Z
System.Net.Sockets Verbose: 0 : [9008] Exiting Socket#50722009::Send() 	-> Int32#158
    ProcessId=10264
    DateTime=2018-09-07T10:41:26.0693864Z
System.Net.Sockets Verbose: 0 : [9008] Entering Socket#50722009::Receive()
    ProcessId=10264
    DateTime=2018-09-07T10:41:26.0713866Z
System.Net.Sockets Verbose: 0 : [9008] Data from Socket#50722009::Receive
    ProcessId=10264
    DateTime=2018-09-07T10:41:26.6424437Z
System.Net.Sockets Verbose: 0 : [9008] 00000000 : 16 03 01 00 51                                  : ....Q
    ProcessId=10264
    DateTime=2018-09-07T10:41:26.6434438Z
System.Net.Sockets Verbose: 0 : [9008] Exiting Socket#50722009::Receive() 	-> Int32#5
    ProcessId=10264
    DateTime=2018-09-07T10:41:26.6444439Z
System.Net.Sockets Verbose: 0 : [9008] Entering Socket#50722009::Receive()
    ProcessId=10264
    DateTime=2018-09-07T10:41:26.6464441Z
System.Net.Sockets Verbose: 0 : [9008] Data from Socket#50722009::Receive
    ProcessId=10264
    DateTime=2018-09-07T10:41:26.6474442Z
System.Net.Sockets Verbose: 0 : [9008] 00000005 : 02 00 00 4D 03 01 C5 0D-C1 EC A5 86 78 C7 0D 95 : ...M........x...
    ProcessId=10264
    DateTime=2018-09-07T10:41:26.6494444Z
System.Net.Sockets Verbose: 0 : [9008] 00000015 : EB B5 DE 5D 64 0C 5C EB-56 AB 67 FB 0A AE DF 96 : ...]d.\.V.g.....
    ProcessId=10264
    DateTime=2018-09-07T10:41:26.6504445Z
System.Net.Sockets Verbose: 0 : [9008] 00000025 : A9 43 2C 5E 61 90 20 9B-CA 22 10 2F C5 83 E8 17 : .C,^a. .."./....
    ProcessId=10264
    DateTime=2018-09-07T10:41:26.6514446Z
System.Net.Sockets Verbose: 0 : [9008] 00000035 : 3C 7A B4 5D A8 1F 62 77-FE 2F F1 3F 5F B2 60 1A : <z.]..bw./.?_.`.
    ProcessId=10264
    DateTime=2018-09-07T10:41:26.6524447Z
System.Net.Sockets Verbose: 0 : [9008] 00000045 : 5D 03 53 EC 5F 52 28 00-35 00 00 05 FF 01 00 01 : ].S._R(.5.......
    ProcessId=10264
    DateTime=2018-09-07T10:41:26.6544449Z
System.Net.Sockets Verbose: 0 : [9008] 00000055 : 00                                              : .
    ProcessId=10264
    DateTime=2018-09-07T10:41:26.6554450Z
System.Net.Sockets Verbose: 0 : [9008] Exiting Socket#50722009::Receive() 	-> Int32#81
    ProcessId=10264
    DateTime=2018-09-07T10:41:26.6564451Z
System.Net Information: 0 : [9008] InitializeSecurityContext(credential = System.Net.SafeFreeCredential_SECURITY, context = 133b070:176c430, targetName = smtp.gmail.com, inFlags = ReplayDetect, SequenceDetect, Confidentiality, AllocateMemory, InitManualCredValidation)
    ProcessId=10264
    DateTime=2018-09-07T10:41:26.6594454Z
System.Net Information: 0 : [9008] InitializeSecurityContext(In-Buffers count=2, Out-Buffer length=0, returned code=ContinueNeeded).
    ProcessId=10264
    DateTime=2018-09-07T10:41:26.6614456Z
System.Net.Sockets Verbose: 0 : [9008] Entering Socket#50722009::Receive()
    ProcessId=10264
    DateTime=2018-09-07T10:41:26.6664461Z
System.Net.Sockets Verbose: 0 : [9008] Data from Socket#50722009::Receive
    ProcessId=10264
    DateTime=2018-09-07T10:41:26.6684463Z
System.Net.Sockets Verbose: 0 : [9008] 00000000 : 14 03 01 00 01                                  : .....
    ProcessId=10264
    DateTime=2018-09-07T10:41:26.6694464Z
System.Net.Sockets Verbose: 0 : [9008] Exiting Socket#50722009::Receive() 	-> Int32#5
    ProcessId=10264
    DateTime=2018-09-07T10:41:26.6734468Z
System.Net.Sockets Verbose: 0 : [9008] Entering Socket#50722009::Receive()
    ProcessId=10264
    DateTime=2018-09-07T10:41:26.6744469Z
System.Net.Sockets Verbose: 0 : [9008] Data from Socket#50722009::Receive
    ProcessId=10264
    DateTime=2018-09-07T10:41:26.6774472Z
System.Net.Sockets Verbose: 0 : [9008] 00000005 : 01                                              : .
    ProcessId=10264
    DateTime=2018-09-07T10:41:26.6774472Z
System.Net.Sockets Verbose: 0 : [9008] Exiting Socket#50722009::Receive() 	-> Int32#1
    ProcessId=10264
    DateTime=2018-09-07T10:41:26.6804475Z
System.Net Information: 0 : [9008] InitializeSecurityContext(credential = System.Net.SafeFreeCredential_SECURITY, context = 133b070:176c430, targetName = smtp.gmail.com, inFlags = ReplayDetect, SequenceDetect, Confidentiality, AllocateMemory, InitManualCredValidation)
    ProcessId=10264
    DateTime=2018-09-07T10:41:26.6824477Z
System.Net Information: 0 : [9008] InitializeSecurityContext(In-Buffers count=2, Out-Buffer length=0, returned code=ContinueNeeded).
    ProcessId=10264
    DateTime=2018-09-07T10:41:26.6834478Z
System.Net.Sockets Verbose: 0 : [9008] Entering Socket#50722009::Receive()
    ProcessId=10264
    DateTime=2018-09-07T10:41:26.6844479Z
System.Net.Sockets Verbose: 0 : [9008] Data from Socket#50722009::Receive
    ProcessId=10264
    DateTime=2018-09-07T10:41:26.6854480Z
System.Net.Sockets Verbose: 0 : [9008] 00000000 : 16 03 01 00 30                                  : ....0
    ProcessId=10264
    DateTime=2018-09-07T10:41:26.6864481Z
System.Net.Sockets Verbose: 0 : [9008] Exiting Socket#50722009::Receive() 	-> Int32#5
    ProcessId=10264
    DateTime=2018-09-07T10:41:26.6874482Z
System.Net.Sockets Verbose: 0 : [9008] Entering Socket#50722009::Receive()
    ProcessId=10264
    DateTime=2018-09-07T10:41:26.6884483Z
System.Net.Sockets Verbose: 0 : [9008] Data from Socket#50722009::Receive
    ProcessId=10264
    DateTime=2018-09-07T10:41:26.6894484Z
System.Net.Sockets Verbose: 0 : [9008] 00000005 : DB 0C B4 4D B0 01 6A F2-E0 72 71 61 8D 74 47 27 : ...M..j..rqa.tG'
    ProcessId=10264
    DateTime=2018-09-07T10:41:26.6924487Z
System.Net.Sockets Verbose: 0 : [9008] 00000015 : 02 75 96 6B F0 E0 98 6B-17 34 69 3A 27 33 52 1A : .u.k...k.4i:'3R.
    ProcessId=10264
    DateTime=2018-09-07T10:41:26.6934488Z
System.Net.Sockets Verbose: 0 : [9008] 00000025 : 51 61 F6 23 18 0D C5 11-55 12 5D 90 94 C2 14 BD : Qa.#....U.].....
    ProcessId=10264
    DateTime=2018-09-07T10:41:26.6954490Z
System.Net.Sockets Verbose: 0 : [9008] Exiting Socket#50722009::Receive() 	-> Int32#48
    ProcessId=10264
    DateTime=2018-09-07T10:41:26.6964491Z
System.Net Information: 0 : [9008] InitializeSecurityContext(credential = System.Net.SafeFreeCredential_SECURITY, context = 133b070:176c430, targetName = smtp.gmail.com, inFlags = ReplayDetect, SequenceDetect, Confidentiality, AllocateMemory, InitManualCredValidation)
    ProcessId=10264
    DateTime=2018-09-07T10:41:26.6994494Z
System.Net Information: 0 : [9008] InitializeSecurityContext(In-Buffers count=2, Out-Buffer length=59, returned code=OK).
    ProcessId=10264
    DateTime=2018-09-07T10:41:26.7004495Z
System.Net.Sockets Verbose: 0 : [9008] Entering Socket#50722009::Send()
    ProcessId=10264
    DateTime=2018-09-07T10:41:26.7024497Z
System.Net.Sockets Verbose: 0 : [9008] Data from Socket#50722009::Send
    ProcessId=10264
    DateTime=2018-09-07T10:41:26.7034498Z
System.Net.Sockets Verbose: 0 : [9008] 00000000 : 14 03 01 00 01 01 16 03-01 00 30 B9 84 00 91 E0 : ..........0.....
    ProcessId=10264
    DateTime=2018-09-07T10:41:26.7044499Z
System.Net.Sockets Verbose: 0 : [9008] 00000010 : DC 4B 45 02 42 F2 2E E1-F2 61 A5 22 68 EE 0C 7A : .KE.B....a."h..z
    ProcessId=10264
    DateTime=2018-09-07T10:41:26.7054500Z
System.Net.Sockets Verbose: 0 : [9008] 00000020 : 93 5A 9F C6 0B C6 A9 04-A2 AD 6C 66 2E 7C 67 AA : .Z........lf.|g.
    ProcessId=10264
    DateTime=2018-09-07T10:41:26.7064501Z
System.Net.Sockets Verbose: 0 : [9008] 00000030 : 6A 49 FF C5 C2 1E 22 79-6F 63 32                : jI...."yoc2
    ProcessId=10264
    DateTime=2018-09-07T10:41:26.7084503Z
System.Net.Sockets Verbose: 0 : [9008] Exiting Socket#50722009::Send() 	-> Int32#59
    ProcessId=10264
    DateTime=2018-09-07T10:41:26.7084503Z
System.Net Information: 0 : [9008] Remote certificate: [Version]
  V3

[Subject]
  CN=smtp.gmail.com, O=Google LLC, L=Mountain View, S=California, C=US
  Simple Name: smtp.gmail.com
  DNS Name: smtp.gmail.com

[Issuer]
  E=support@cyberoam.com, CN=Cyberoam SSL CA_C18615277690, OU=Cyberoam Certificate Authority, O=Cyberoam, L=Ahmedabad, S=Gujarat, C=IN
  Simple Name: Cyberoam SSL CA_C18615277690
  Email Name: support@cyberoam.com
  DNS Name: Cyberoam SSL CA_C18615277690

[Serial Number]
  44069908

[Not Before]
  14-08-2018 13:09:50

[Not After]
  23-10-2018 13:07:00

[Thumbprint]
  703E1D0B0C94925F9CEDAF459CF47DAF7F1CD736

[Signature Algorithm]
  sha1RSA(1.2.840.113549.1.1.5)

[Public Key]
  Algorithm: RSA
  Length: 1024
  Key Blob: 30 81 89 02 81 81 00 ce 8a 65 f8 95 ab a1 ae 3f 75 b0 d6 c5 98 b2 34 88 cd a8 be 0e 37 30 64 aa 5c 2c 99 51 1f a2 59 57 42 17 38 91 7c 3f a4 e4 73 d1 41 8f 14 b8 c1 1f 8a 82 d5 f1 f5 c2 5b 23 e4 30 15 6a a4 f4 8c 16 d5 f2 d5 d2 45 bc 1b 03 4c 15 4c 81 8c a8 35 4b 67 28 db a0 be 41 5b 34 d5 44 a2 88 6....
    ProcessId=10264
    DateTime=2018-09-07T10:41:26.7114506Z
System.Net Information: 0 : [9008] SecureChannel#43322803 - Remote certificate has errors:
    ProcessId=10264
    DateTime=2018-09-07T10:41:26.7134508Z
System.Net Information: 0 : [9008] SecureChannel#43322803 - 	A certificate chain processed, but terminated in a root certificate which is not trusted by the trust provider.

    ProcessId=10264
    DateTime=2018-09-07T10:41:26.7174512Z
System.Net Information: 0 : [9008] SecureChannel#43322803 - Remote certificate was verified as invalid by the user.
    ProcessId=10264
    DateTime=2018-09-07T10:41:26.7174512Z
System.Net Error: 0 : [9008] Exception in SmtpClient#4181254::Send - The remote certificate is invalid according to the validation procedure..
   at System.Net.Security.SslState.StartSendAuthResetSignal(ProtocolToken message, AsyncProtocolRequest asyncRequest, Exception exception)
   at System.Net.Security.SslState.CheckCompletionBeforeNextReceive(ProtocolToken message, AsyncProtocolRequest asyncRequest)
   at System.Net.Security.SslState.ProcessReceivedBlob(Byte[] buffer, Int32 count, AsyncProtocolRequest asyncRequest)
   at System.Net.Security.SslState.StartReceiveBlob(Byte[] buffer, AsyncProtocolRequest asyncRequest)
   at System.Net.Security.SslState.CheckCompletionBeforeNextReceive(ProtocolToken message, AsyncProtocolRequest asyncRequest)
   at System.Net.Security.SslState.ProcessReceivedBlob(Byte[] buffer, Int32 count, AsyncProtocolRequest asyncRequest)
   at System.Net.Security.SslState.StartReceiveBlob(Byte[] buffer, AsyncProtocolRequest asyncRequest)
   at System.Net.Security.SslState.CheckCompletionBeforeNextReceive(ProtocolToken message, AsyncProtocolRequest asyncRequest)
   at System.Net.Security.SslState.ProcessReceivedBlob(Byte[] buffer, Int32 count, AsyncProtocolRequest asyncRequest)
   at System.Net.Security.SslState.StartReceiveBlob(Byte[] buffer, AsyncProtocolRequest asyncRequest)
   at System.Net.Security.SslState.CheckCompletionBeforeNextReceive(ProtocolToken message, AsyncProtocolRequest asyncRequest)
   at System.Net.Security.SslState.ForceAuthentication(Boolean receiveFirst, Byte[] buffer, AsyncProtocolRequest asyncRequest)
   at System.Net.Security.SslState.ProcessAuthentication(LazyAsyncResult lazyResult)
   at System.Threading.ExecutionContext.RunInternal(ExecutionContext executionContext, ContextCallback callback, Object state, Boolean preserveSyncCtx)
   at System.Threading.ExecutionContext.Run(ExecutionContext executionContext, ContextCallback callback, Object state, Boolean preserveSyncCtx)
   at System.Threading.ExecutionContext.Run(ExecutionContext executionContext, ContextCallback callback, Object state)
   at System.Net.TlsStream.ProcessAuthentication(LazyAsyncResult result)
   at System.Net.TlsStream.Write(Byte[] buffer, Int32 offset, Int32 size)
   at System.Net.Mail.SmtpConnection.Flush()
   at System.Net.Mail.ReadLinesCommand.Send(SmtpConnection conn)
   at System.Net.Mail.EHelloCommand.Send(SmtpConnection conn, String domain)
   at System.Net.Mail.SmtpConnection.GetConnection(ServicePoint servicePoint)
   at System.Net.Mail.SmtpClient.GetConnection()
   at System.Net.Mail.SmtpClient.Send(MailMessage message)
    ProcessId=10264
    DateTime=2018-09-07T10:41:26.7244519Z
System.Net.Sockets Verbose: 0 : [9008] Entering Socket#50722009::Dispose()
    ProcessId=10264
    DateTime=2018-09-07T10:41:26.7254520Z
System.Net Verbose: 0 : [9008] Entering SmtpPooledStream::Dispose #52123343
    ProcessId=10264
    DateTime=2018-09-07T10:41:26.7294524Z
System.Net Verbose: 0 : [9008] Exiting SmtpPooledStream::Dispose #52123343
    ProcessId=10264
    DateTime=2018-09-07T10:41:26.7304525Z
System.Net Verbose: 0 : [9008] Exiting SmtpClient#4181254::Send() 
    ProcessId=10264
    DateTime=2018-09-07T10:41:26.7774572Z
System.Net Verbose: 0 : [9008] Entering SmtpClient::.ctor(host=smtp.gmail.com, port=587)
    ProcessId=10264
    DateTime=2018-09-07T10:41:49.7687561Z
System.Net Information: 0 : [9008] Associating SmtpClient#18138300 with SmtpTransport#65360529
    ProcessId=10264
    DateTime=2018-09-07T10:41:49.7687561Z
System.Net Verbose: 0 : [9008] Exiting SmtpClient::.ctor() 	-> SmtpClient#18138300
    ProcessId=10264
    DateTime=2018-09-07T10:41:49.7707563Z
System.Net Information: 0 : [9008] Associating MailMessage#52718134 with Message#51856389
    ProcessId=10264
    DateTime=2018-09-07T10:41:49.7737566Z
System.Net Verbose: 0 : [9008] Entering SmtpClient#18138300::Send(MailMessage#52718134)
    ProcessId=10264
    DateTime=2018-09-07T10:41:49.7757568Z
System.Net Information: 0 : [9008] SmtpClient#18138300::Send(DeliveryMethod=Network)
    ProcessId=10264
    DateTime=2018-09-07T10:41:49.7767569Z
System.Net Information: 0 : [9008] Associating SmtpClient#18138300 with MailMessage#52718134
    ProcessId=10264
    DateTime=2018-09-07T10:41:49.7777570Z
System.Net Information: 0 : [9008] Associating SmtpTransport#65360529 with SmtpConnection#45716983
    ProcessId=10264
    DateTime=2018-09-07T10:41:49.7787571Z
System.Net Information: 0 : [9008] Associating SmtpConnection#45716983 with ServicePoint#61707732
    ProcessId=10264
    DateTime=2018-09-07T10:41:49.7797572Z
System.Net.Sockets Verbose: 0 : [9008] Entering Socket#60738338::Socket(AddressFamily#2)
    ProcessId=10264
    DateTime=2018-09-07T10:41:49.7807573Z
System.Net.Sockets Verbose: 0 : [9008] Exiting Socket#60738338::Socket() 
    ProcessId=10264
    DateTime=2018-09-07T10:41:49.7827575Z
System.Net.Sockets Verbose: 0 : [9008] Entering Socket#62485141::Socket(AddressFamily#23)
    ProcessId=10264
    DateTime=2018-09-07T10:41:49.7837576Z
System.Net.Sockets Verbose: 0 : [9008] Exiting Socket#62485141::Socket() 
    ProcessId=10264
    DateTime=2018-09-07T10:41:49.7847577Z
System.Net.Sockets Verbose: 0 : [9008] Entering Socket#60738338::Connect(173.194.68.108:587#1816445158)
    ProcessId=10264
    DateTime=2018-09-07T10:41:49.7857578Z
System.Net.Sockets Information: 0 : [9008] Socket#60738338 - Created connection from 192.168.170.234:62287 to 173.194.68.108:587.
    ProcessId=10264
    DateTime=2018-09-07T10:41:49.7867579Z
System.Net.Sockets Verbose: 0 : [9008] Exiting Socket#60738338::Connect() 
    ProcessId=10264
    DateTime=2018-09-07T10:41:49.7877580Z
System.Net.Sockets Verbose: 0 : [9008] Entering Socket#62485141::Close()
    ProcessId=10264
    DateTime=2018-09-07T10:41:49.7877580Z
System.Net.Sockets Verbose: 0 : [9008] Entering Socket#62485141::Dispose()
    ProcessId=10264
    DateTime=2018-09-07T10:41:49.7897582Z
System.Net.Sockets Verbose: 0 : [9008] Exiting Socket#62485141::Close() 
    ProcessId=10264
    DateTime=2018-09-07T10:41:49.7897582Z
System.Net Information: 0 : [9008] SmtpPooledStream#9636790 - Created connection from 192.168.170.234:62287 to 173.194.68.108:587.
    ProcessId=10264
    DateTime=2018-09-07T10:41:49.7917584Z
System.Net Information: 0 : [9008] Associating SmtpConnection#45716983 with SmtpPooledStream#9636790
    ProcessId=10264
    DateTime=2018-09-07T10:41:49.7917584Z
System.Net.Sockets Verbose: 0 : [9008] Entering Socket#60738338::Receive()
    ProcessId=10264
    DateTime=2018-09-07T10:41:49.7927585Z
System.Net.Sockets Verbose: 0 : [9008] Data from Socket#60738338::Receive
    ProcessId=10264
    DateTime=2018-09-07T10:41:50.3678160Z
System.Net.Sockets Verbose: 0 : [9008] 00000000 : 32 32 30 20 73 6D 74 70-2E 67 6D 61 69 6C 2E 63 : 220 smtp.gmail.c
    ProcessId=10264
    DateTime=2018-09-07T10:41:50.3698162Z
System.Net.Sockets Verbose: 0 : [9008] 00000010 : 6F 6D 20 45 53 4D 54 50-20 78 31 38 39 2D 76 36 : om ESMTP x189-v6
    ProcessId=10264
    DateTime=2018-09-07T10:41:50.3728165Z
System.Net.Sockets Verbose: 0 : [9008] 00000020 : 73 6D 34 34 36 36 36 38-38 71 6B 64 2E 34 34 20 : sm4466688qkd.44 
    ProcessId=10264
    DateTime=2018-09-07T10:41:50.3758168Z
System.Net.Sockets Verbose: 0 : [9008] 00000030 : 2D 20 67 73 6D 74 70 0D-0A                      : - gsmtp..
    ProcessId=10264
    DateTime=2018-09-07T10:41:50.3778170Z
System.Net.Sockets Verbose: 0 : [9008] Exiting Socket#60738338::Receive() 	-> Int32#57
    ProcessId=10264
    DateTime=2018-09-07T10:41:50.3818174Z
System.Net.Sockets Verbose: 0 : [9008] Entering Socket#60738338::Send()
    ProcessId=10264
    DateTime=2018-09-07T10:41:50.3888181Z
System.Net.Sockets Verbose: 0 : [9008] Data from Socket#60738338::Send
    ProcessId=10264
    DateTime=2018-09-07T10:41:50.3948187Z
System.Net.Sockets Verbose: 0 : [9008] 00000000 : 45 48 4C 4F 20 53 46 53-49 2D 44 49 57 41 4B 41 : EHLO SFSI-DIWAKA
    ProcessId=10264
    DateTime=2018-09-07T10:41:50.3988191Z
System.Net.Sockets Verbose: 0 : [9008] 00000010 : 52 2D 57 37 0D 0A                               : R-W7..
    ProcessId=10264
    DateTime=2018-09-07T10:41:50.4028195Z
System.Net.Sockets Verbose: 0 : [9008] Exiting Socket#60738338::Send() 	-> Int32#22
    ProcessId=10264
    DateTime=2018-09-07T10:41:50.4048197Z
System.Net.Sockets Verbose: 0 : [9008] Entering Socket#60738338::Receive()
    ProcessId=10264
    DateTime=2018-09-07T10:41:50.4058198Z
System.Net.Sockets Verbose: 0 : [9008] Data from Socket#60738338::Receive
    ProcessId=10264
    DateTime=2018-09-07T10:41:50.6918484Z
System.Net.Sockets Verbose: 0 : [9008] 00000000 : 32 35 30 2D 73 6D 74 70-2E 67 6D 61 69 6C 2E 63 : 250-smtp.gmail.c
    ProcessId=10264
    DateTime=2018-09-07T10:41:50.6948487Z
System.Net.Sockets Verbose: 0 : [9008] 00000010 : 6F 6D 20 61 74 20 79 6F-75 72 20 73 65 72 76 69 : om at your servi
    ProcessId=10264
    DateTime=2018-09-07T10:41:50.7078500Z
System.Net.Sockets Verbose: 0 : [9008] 00000020 : 63 65 2C 20 5B 32 30 32-2E 36 35 2E 31 35 35 2E : ce, [202.65.155.
    ProcessId=10264
    DateTime=2018-09-07T10:41:50.7098502Z
System.Net.Sockets Verbose: 0 : [9008] 00000030 : 35 30 5D 0D 0A 32 35 30-2D 53 49 5A 45 20 33 35 : 50]..250-SIZE 35
    ProcessId=10264
    DateTime=2018-09-07T10:41:50.7178510Z
System.Net.Sockets Verbose: 0 : [9008] 00000040 : 38 38 32 35 37 37 0D 0A-32 35 30 2D 38 42 49 54 : 882577..250-8BIT
    ProcessId=10264
    DateTime=2018-09-07T10:41:50.7188511Z
System.Net.Sockets Verbose: 0 : [9008] 00000050 : 4D 49 4D 45 0D 0A 32 35-30 2D 53 54 41 52 54 54 : MIME..250-STARTT
    ProcessId=10264
    DateTime=2018-09-07T10:41:50.7208513Z
System.Net.Sockets Verbose: 0 : [9008] 00000060 : 4C 53 0D 0A 32 35 30 2D-45 4E 48 41 4E 43 45 44 : LS..250-ENHANCED
    ProcessId=10264
    DateTime=2018-09-07T10:41:50.7218514Z
System.Net.Sockets Verbose: 0 : [9008] 00000070 : 53 54 41 54 55 53 43 4F-44 45 53 0D 0A 32 35 30 : STATUSCODES..250
    ProcessId=10264
    DateTime=2018-09-07T10:41:50.7238516Z
System.Net.Sockets Verbose: 0 : [9008] 00000080 : 2D 50 49 50 45 4C 49 4E-49 4E 47 0D 0A 32 35 30 : -PIPELINING..250
    ProcessId=10264
    DateTime=2018-09-07T10:41:50.7248517Z
System.Net.Sockets Verbose: 0 : [9008] 00000090 : 20 53 4D 54 50 55 54 46-38 0D 0A                :  SMTPUTF8..
    ProcessId=10264
    DateTime=2018-09-07T10:41:50.7298522Z
System.Net.Sockets Verbose: 0 : [9008] Exiting Socket#60738338::Receive() 	-> Int32#155
    ProcessId=10264
    DateTime=2018-09-07T10:41:50.7378530Z
System.Net.Sockets Verbose: 0 : [9008] Entering Socket#60738338::Send()
    ProcessId=10264
    DateTime=2018-09-07T10:41:50.7388531Z
System.Net.Sockets Verbose: 0 : [9008] Data from Socket#60738338::Send
    ProcessId=10264
    DateTime=2018-09-07T10:41:50.7398532Z
System.Net.Sockets Verbose: 0 : [9008] 00000000 : 53 54 41 52 54 54 4C 53-0D 0A                   : STARTTLS..
    ProcessId=10264
    DateTime=2018-09-07T10:41:50.7428535Z
System.Net.Sockets Verbose: 0 : [9008] Exiting Socket#60738338::Send() 	-> Int32#10
    ProcessId=10264
    DateTime=2018-09-07T10:41:50.7438536Z
System.Net.Sockets Verbose: 0 : [9008] Entering Socket#60738338::Receive()
    ProcessId=10264
    DateTime=2018-09-07T10:41:50.7448537Z
System.Net.Sockets Verbose: 0 : [9008] Data from Socket#60738338::Receive
    ProcessId=10264
    DateTime=2018-09-07T10:41:51.0308823Z
System.Net.Sockets Verbose: 0 : [9008] 00000000 : 32 32 30 20 32 2E 30 2E-30 20 52 65 61 64 79 20 : 220 2.0.0 Ready 
    ProcessId=10264
    DateTime=2018-09-07T10:41:51.0348827Z
System.Net.Sockets Verbose: 0 : [9008] 00000010 : 74 6F 20 73 74 61 72 74-20 54 4C 53 0D 0A       : to start TLS..
    ProcessId=10264
    DateTime=2018-09-07T10:41:51.0358828Z
System.Net.Sockets Verbose: 0 : [9008] Exiting Socket#60738338::Receive() 	-> Int32#30
    ProcessId=10264
    DateTime=2018-09-07T10:41:51.0358828Z
System.Net Information: 0 : [9008] TlsStream#13820791::.ctor(host=smtp.gmail.com, #certs=0, checkCertificateRevocationList=False, sslProtocols=Default)
    ProcessId=10264
    DateTime=2018-09-07T10:41:51.0368829Z
System.Net Information: 0 : [9008] SecureChannel#33916573::.ctor(hostname=smtp.gmail.com, #clientCertificates=0, encryptionPolicy=RequireEncryption)
    ProcessId=10264
    DateTime=2018-09-07T10:41:51.0408833Z
System.Net Information: 0 : [9008] SecureChannel#33916573 - Left with 0 client certificates to choose from.
    ProcessId=10264
    DateTime=2018-09-07T10:41:51.0448837Z
System.Net Information: 0 : [9008] Using the cached credential handle.
    ProcessId=10264
    DateTime=2018-09-07T10:41:51.0458838Z
System.Net Information: 0 : [9008] InitializeSecurityContext(credential = System.Net.SafeFreeCredential_SECURITY, context = (null), targetName = smtp.gmail.com, inFlags = ReplayDetect, SequenceDetect, Confidentiality, AllocateMemory, InitManualCredValidation)
    ProcessId=10264
    DateTime=2018-09-07T10:41:51.0468839Z
System.Net Information: 0 : [9008] InitializeSecurityContext(In-Buffer length=0, Out-Buffer length=158, returned code=ContinueNeeded).
    ProcessId=10264
    DateTime=2018-09-07T10:41:51.0488841Z
System.Net.Sockets Verbose: 0 : [9008] Entering Socket#60738338::Send()
    ProcessId=10264
    DateTime=2018-09-07T10:41:51.0488841Z
System.Net.Sockets Verbose: 0 : [9008] Data from Socket#60738338::Send
    ProcessId=10264
    DateTime=2018-09-07T10:41:51.0508843Z
System.Net.Sockets Verbose: 0 : [9008] 00000000 : 16 03 01 00 99 01 00 00-95 03 01 5B 92 55 EF A9 : ...........[.U..
    ProcessId=10264
    DateTime=2018-09-07T10:41:51.0508843Z
System.Net.Sockets Verbose: 0 : [9008] 00000010 : 8B 36 7D 3C F1 C8 D0 43-32 72 D7 CE 44 8C C5 13 : .6}<...C2r..D...
    ProcessId=10264
    DateTime=2018-09-07T10:41:51.0518844Z
System.Net.Sockets Verbose: 0 : [9008] 00000020 : 91 88 F2 13 F6 2C 6D 43-E5 F1 C5 20 9B CA 22 10 : .....,mC... ..".
    ProcessId=10264
    DateTime=2018-09-07T10:41:51.0528845Z
System.Net.Sockets Verbose: 0 : [9008] 00000030 : 2F C5 83 E8 17 3C 7A B4-5D A8 1F 62 77 FE 2F F1 : /....<z.]..bw./.
    ProcessId=10264
    DateTime=2018-09-07T10:41:51.0538846Z
System.Net.Sockets Verbose: 0 : [9008] 00000040 : 3F 5F B2 60 1A 5D 03 53-EC 5F 52 28 00 1C C0 14 : ?_.`.].S._R(....
    ProcessId=10264
    DateTime=2018-09-07T10:41:51.0548847Z
System.Net.Sockets Verbose: 0 : [9008] 00000050 : C0 13 00 39 00 33 00 35-00 2F C0 0A C0 09 00 38 : ...9.3.5./.....8
    ProcessId=10264
    DateTime=2018-09-07T10:41:51.0548847Z
System.Net.Sockets Verbose: 0 : [9008] 00000060 : 00 32 00 0A 00 13 00 05-00 04 01 00 00 30 00 00 : .2...........0..
    ProcessId=10264
    DateTime=2018-09-07T10:41:51.0568849Z
System.Net.Sockets Verbose: 0 : [9008] 00000070 : 00 13 00 11 00 00 0E 73-6D 74 70 2E 67 6D 61 69 : .......smtp.gmai
    ProcessId=10264
    DateTime=2018-09-07T10:41:51.0578850Z
System.Net.Sockets Verbose: 0 : [9008] 00000080 : 6C 2E 63 6F 6D 00 0A 00-06 00 04 00 17 00 18 00 : l.com...........
    ProcessId=10264
    DateTime=2018-09-07T10:41:51.0578850Z
System.Net.Sockets Verbose: 0 : [9008] 00000090 : 0B 00 02 01 00 00 17 00-00 FF 01 00 01 00       : ..............
    ProcessId=10264
    DateTime=2018-09-07T10:41:51.0588851Z
System.Net.Sockets Verbose: 0 : [9008] Exiting Socket#60738338::Send() 	-> Int32#158
    ProcessId=10264
    DateTime=2018-09-07T10:41:51.0588851Z
System.Net.Sockets Verbose: 0 : [9008] Entering Socket#60738338::Receive()
    ProcessId=10264
    DateTime=2018-09-07T10:41:51.0598852Z
System.Net.Sockets Verbose: 0 : [9008] Data from Socket#60738338::Receive
    ProcessId=10264
    DateTime=2018-09-07T10:41:51.6269419Z
System.Net.Sockets Verbose: 0 : [9008] 00000000 : 16 03 01 00 51                                  : ....Q
    ProcessId=10264
    DateTime=2018-09-07T10:41:51.6299422Z
System.Net.Sockets Verbose: 0 : [9008] Exiting Socket#60738338::Receive() 	-> Int32#5
    ProcessId=10264
    DateTime=2018-09-07T10:41:51.6329425Z
System.Net.Sockets Verbose: 0 : [9008] Entering Socket#60738338::Receive()
    ProcessId=10264
    DateTime=2018-09-07T10:41:51.6359428Z
System.Net.Sockets Verbose: 0 : [9008] Data from Socket#60738338::Receive
    ProcessId=10264
    DateTime=2018-09-07T10:41:51.6369429Z
System.Net.Sockets Verbose: 0 : [9008] 00000005 : 02 00 00 4D 03 01 09 25-A2 AD 26 0B CB 36 DC E5 : ...M...%..&..6..
    ProcessId=10264
    DateTime=2018-09-07T10:41:51.6379430Z
System.Net.Sockets Verbose: 0 : [9008] 00000015 : 6F B7 7B F1 69 57 3F C6-F4 A0 CC 03 90 8D 9A 90 : o.{.iW?.........
    ProcessId=10264
    DateTime=2018-09-07T10:41:51.6389431Z
System.Net.Sockets Verbose: 0 : [9008] 00000025 : 3D 1E 35 39 85 E3 20 9B-CA 22 10 2F C5 83 E8 17 : =.59.. .."./....
    ProcessId=10264
    DateTime=2018-09-07T10:41:51.6399432Z
System.Net.Sockets Verbose: 0 : [9008] 00000035 : 3C 7A B4 5D A8 1F 62 77-FE 2F F1 3F 5F B2 60 1A : <z.]..bw./.?_.`.
    ProcessId=10264
    DateTime=2018-09-07T10:41:51.6409433Z
System.Net.Sockets Verbose: 0 : [9008] 00000045 : 5D 03 53 EC 5F 52 28 00-35 00 00 05 FF 01 00 01 : ].S._R(.5.......
    ProcessId=10264
    DateTime=2018-09-07T10:41:51.6409433Z
System.Net.Sockets Verbose: 0 : [9008] 00000055 : 00                                              : .
    ProcessId=10264
    DateTime=2018-09-07T10:41:51.6419434Z
System.Net.Sockets Verbose: 0 : [9008] Exiting Socket#60738338::Receive() 	-> Int32#81
    ProcessId=10264
    DateTime=2018-09-07T10:41:51.6429435Z
System.Net Information: 0 : [9008] InitializeSecurityContext(credential = System.Net.SafeFreeCredential_SECURITY, context = 133b070:1d05770, targetName = smtp.gmail.com, inFlags = ReplayDetect, SequenceDetect, Confidentiality, AllocateMemory, InitManualCredValidation)
    ProcessId=10264
    DateTime=2018-09-07T10:41:51.6429435Z
System.Net Information: 0 : [9008] InitializeSecurityContext(In-Buffers count=2, Out-Buffer length=0, returned code=ContinueNeeded).
    ProcessId=10264
    DateTime=2018-09-07T10:41:51.6439436Z
System.Net.Sockets Verbose: 0 : [9008] Entering Socket#60738338::Receive()
    ProcessId=10264
    DateTime=2018-09-07T10:41:51.6449437Z
System.Net.Sockets Verbose: 0 : [9008] Data from Socket#60738338::Receive
    ProcessId=10264
    DateTime=2018-09-07T10:41:51.6459438Z
System.Net.Sockets Verbose: 0 : [9008] 00000000 : 14 03 01 00 01                                  : .....
    ProcessId=10264
    DateTime=2018-09-07T10:41:51.6459438Z
System.Net.Sockets Verbose: 0 : [9008] Exiting Socket#60738338::Receive() 	-> Int32#5
    ProcessId=10264
    DateTime=2018-09-07T10:41:51.6479440Z
System.Net.Sockets Verbose: 0 : [9008] Entering Socket#60738338::Receive()
    ProcessId=10264
    DateTime=2018-09-07T10:41:51.6489441Z
System.Net.Sockets Verbose: 0 : [9008] Data from Socket#60738338::Receive
    ProcessId=10264
    DateTime=2018-09-07T10:41:51.6489441Z
System.Net.Sockets Verbose: 0 : [9008] 00000005 : 01                                              : .
    ProcessId=10264
    DateTime=2018-09-07T10:41:51.6499442Z
System.Net.Sockets Verbose: 0 : [9008] Exiting Socket#60738338::Receive() 	-> Int32#1
    ProcessId=10264
    DateTime=2018-09-07T10:41:51.6509443Z
System.Net Information: 0 : [9008] InitializeSecurityContext(credential = System.Net.SafeFreeCredential_SECURITY, context = 133b070:1d05770, targetName = smtp.gmail.com, inFlags = ReplayDetect, SequenceDetect, Confidentiality, AllocateMemory, InitManualCredValidation)
    ProcessId=10264
    DateTime=2018-09-07T10:41:51.6509443Z
System.Net Information: 0 : [9008] InitializeSecurityContext(In-Buffers count=2, Out-Buffer length=0, returned code=ContinueNeeded).
    ProcessId=10264
    DateTime=2018-09-07T10:41:51.6519444Z
System.Net.Sockets Verbose: 0 : [9008] Entering Socket#60738338::Receive()
    ProcessId=10264
    DateTime=2018-09-07T10:41:51.6519444Z
System.Net.Sockets Verbose: 0 : [9008] Data from Socket#60738338::Receive
    ProcessId=10264
    DateTime=2018-09-07T10:41:51.6529445Z
System.Net.Sockets Verbose: 0 : [9008] 00000000 : 16 03 01 00 30                                  : ....0
    ProcessId=10264
    DateTime=2018-09-07T10:41:51.6539446Z
System.Net.Sockets Verbose: 0 : [9008] Exiting Socket#60738338::Receive() 	-> Int32#5
    ProcessId=10264
    DateTime=2018-09-07T10:41:51.6539446Z
System.Net.Sockets Verbose: 0 : [9008] Entering Socket#60738338::Receive()
    ProcessId=10264
    DateTime=2018-09-07T10:41:51.6549447Z
System.Net.Sockets Verbose: 0 : [9008] Data from Socket#60738338::Receive
    ProcessId=10264
    DateTime=2018-09-07T10:41:51.6549447Z
System.Net.Sockets Verbose: 0 : [9008] 00000005 : F1 48 36 5F 32 B2 1D B6-95 D1 ED E7 16 8F D6 D1 : .H6_2...........
    ProcessId=10264
    DateTime=2018-09-07T10:41:51.6559448Z
System.Net.Sockets Verbose: 0 : [9008] 00000015 : 94 B3 D5 13 FD C1 D8 02-DB 2B F0 7E 37 5D 9E AD : .........+.~7]..
    ProcessId=10264
    DateTime=2018-09-07T10:41:51.6579450Z
System.Net.Sockets Verbose: 0 : [9008] 00000025 : DC EF 22 53 99 5C 09 F5-35 5A 59 57 BE 08 C1 5C : .."S.\..5ZYW...\
    ProcessId=10264
    DateTime=2018-09-07T10:41:51.6599452Z
System.Net.Sockets Verbose: 0 : [9008] Exiting Socket#60738338::Receive() 	-> Int32#48
    ProcessId=10264
    DateTime=2018-09-07T10:41:51.6599452Z
System.Net Information: 0 : [9008] InitializeSecurityContext(credential = System.Net.SafeFreeCredential_SECURITY, context = 133b070:1d05770, targetName = smtp.gmail.com, inFlags = ReplayDetect, SequenceDetect, Confidentiality, AllocateMemory, InitManualCredValidation)
    ProcessId=10264
    DateTime=2018-09-07T10:41:51.6609453Z
System.Net Information: 0 : [9008] InitializeSecurityContext(In-Buffers count=2, Out-Buffer length=59, returned code=OK).
    ProcessId=10264
    DateTime=2018-09-07T10:41:51.6619454Z
System.Net.Sockets Verbose: 0 : [9008] Entering Socket#60738338::Send()
    ProcessId=10264
    DateTime=2018-09-07T10:41:51.6629455Z
System.Net.Sockets Verbose: 0 : [9008] Data from Socket#60738338::Send
    ProcessId=10264
    DateTime=2018-09-07T10:41:51.6629455Z
System.Net.Sockets Verbose: 0 : [9008] 00000000 : 14 03 01 00 01 01 16 03-01 00 30 E9 33 22 CE DB : ..........0.3"..
    ProcessId=10264
    DateTime=2018-09-07T10:41:51.6679460Z
System.Net.Sockets Verbose: 0 : [9008] 00000010 : 51 FA C7 3A F9 DF 95 2B-F4 D0 AE 9A 01 0A 58 92 : Q..:...+......X.
    ProcessId=10264
    DateTime=2018-09-07T10:41:51.6689461Z
System.Net.Sockets Verbose: 0 : [9008] 00000020 : 60 72 73 54 7D 76 DC 7C-C9 60 1D 1E DD 33 B0 47 : `rsT}v.|.`...3.G
    ProcessId=10264
    DateTime=2018-09-07T10:41:51.6699462Z
System.Net.Sockets Verbose: 0 : [9008] 00000030 : D4 2E 85 41 60 99 31 33-45 6A A3                : ...A`.13Ej.
    ProcessId=10264
    DateTime=2018-09-07T10:41:51.6709463Z
System.Net.Sockets Verbose: 0 : [9008] Exiting Socket#60738338::Send() 	-> Int32#59
    ProcessId=10264
    DateTime=2018-09-07T10:41:51.6719464Z
System.Net Information: 0 : [9008] Remote certificate: [Version]
  V3

[Subject]
  CN=smtp.gmail.com, O=Google LLC, L=Mountain View, S=California, C=US
  Simple Name: smtp.gmail.com
  DNS Name: smtp.gmail.com

[Issuer]
  E=support@cyberoam.com, CN=Cyberoam SSL CA_C18615277690, OU=Cyberoam Certificate Authority, O=Cyberoam, L=Ahmedabad, S=Gujarat, C=IN
  Simple Name: Cyberoam SSL CA_C18615277690
  Email Name: support@cyberoam.com
  DNS Name: Cyberoam SSL CA_C18615277690

[Serial Number]
  44069908

[Not Before]
  14-08-2018 13:09:50

[Not After]
  23-10-2018 13:07:00

[Thumbprint]
  703E1D0B0C94925F9CEDAF459CF47DAF7F1CD736

[Signature Algorithm]
  sha1RSA(1.2.840.113549.1.1.5)

[Public Key]
  Algorithm: RSA
  Length: 1024
  Key Blob: 30 81 89 02 81 81 00 ce 8a 65 f8 95 ab a1 ae 3f 75 b0 d6 c5 98 b2 34 88 cd a8 be 0e 37 30 64 aa 5c 2c 99 51 1f a2 59 57 42 17 38 91 7c 3f a4 e4 73 d1 41 8f 14 b8 c1 1f 8a 82 d5 f1 f5 c2 5b 23 e4 30 15 6a a4 f4 8c 16 d5 f2 d5 d2 45 bc 1b 03 4c 15 4c 81 8c a8 35 4b 67 28 db a0 be 41 5b 34 d5 44 a2 88 6....
    ProcessId=10264
    DateTime=2018-09-07T10:41:51.6739466Z
System.Net Information: 0 : [9008] SecureChannel#33916573 - Remote certificate has errors:
    ProcessId=10264
    DateTime=2018-09-07T10:41:51.6749467Z
System.Net Information: 0 : [9008] SecureChannel#33916573 - 	A certificate chain processed, but terminated in a root certificate which is not trusted by the trust provider.

    ProcessId=10264
    DateTime=2018-09-07T10:41:51.6759468Z
System.Net Information: 0 : [9008] SecureChannel#33916573 - Remote certificate was verified as invalid by the user.
    ProcessId=10264
    DateTime=2018-09-07T10:41:51.6769469Z
System.Net Error: 0 : [9008] Exception in SmtpClient#18138300::Send - The remote certificate is invalid according to the validation procedure..
   at System.Net.Security.SslState.StartSendAuthResetSignal(ProtocolToken message, AsyncProtocolRequest asyncRequest, Exception exception)
   at System.Net.Security.SslState.CheckCompletionBeforeNextReceive(ProtocolToken message, AsyncProtocolRequest asyncRequest)
   at System.Net.Security.SslState.ProcessReceivedBlob(Byte[] buffer, Int32 count, AsyncProtocolRequest asyncRequest)
   at System.Net.Security.SslState.StartReceiveBlob(Byte[] buffer, AsyncProtocolRequest asyncRequest)
   at System.Net.Security.SslState.CheckCompletionBeforeNextReceive(ProtocolToken message, AsyncProtocolRequest asyncRequest)
   at System.Net.Security.SslState.ProcessReceivedBlob(Byte[] buffer, Int32 count, AsyncProtocolRequest asyncRequest)
   at System.Net.Security.SslState.StartReceiveBlob(Byte[] buffer, AsyncProtocolRequest asyncRequest)
   at System.Net.Security.SslState.CheckCompletionBeforeNextReceive(ProtocolToken message, AsyncProtocolRequest asyncRequest)
   at System.Net.Security.SslState.ProcessReceivedBlob(Byte[] buffer, Int32 count, AsyncProtocolRequest asyncRequest)
   at System.Net.Security.SslState.StartReceiveBlob(Byte[] buffer, AsyncProtocolRequest asyncRequest)
   at System.Net.Security.SslState.CheckCompletionBeforeNextReceive(ProtocolToken message, AsyncProtocolRequest asyncRequest)
   at System.Net.Security.SslState.ForceAuthentication(Boolean receiveFirst, Byte[] buffer, AsyncProtocolRequest asyncRequest)
   at System.Net.Security.SslState.ProcessAuthentication(LazyAsyncResult lazyResult)
   at System.Threading.ExecutionContext.RunInternal(ExecutionContext executionContext, ContextCallback callback, Object state, Boolean preserveSyncCtx)
   at System.Threading.ExecutionContext.Run(ExecutionContext executionContext, ContextCallback callback, Object state, Boolean preserveSyncCtx)
   at System.Threading.ExecutionContext.Run(ExecutionContext executionContext, ContextCallback callback, Object state)
   at System.Net.TlsStream.ProcessAuthentication(LazyAsyncResult result)
   at System.Net.TlsStream.Write(Byte[] buffer, Int32 offset, Int32 size)
   at System.Net.Mail.SmtpConnection.Flush()
   at System.Net.Mail.ReadLinesCommand.Send(SmtpConnection conn)
   at System.Net.Mail.EHelloCommand.Send(SmtpConnection conn, String domain)
   at System.Net.Mail.SmtpConnection.GetConnection(ServicePoint servicePoint)
   at System.Net.Mail.SmtpClient.GetConnection()
   at System.Net.Mail.SmtpClient.Send(MailMessage message)
    ProcessId=10264
    DateTime=2018-09-07T10:41:51.6779470Z
System.Net.Sockets Verbose: 0 : [9008] Entering Socket#60738338::Dispose()
    ProcessId=10264
    DateTime=2018-09-07T10:41:51.6799472Z
System.Net Verbose: 0 : [9008] Entering SmtpPooledStream::Dispose #9636790
    ProcessId=10264
    DateTime=2018-09-07T10:41:51.6829475Z
System.Net Verbose: 0 : [9008] Exiting SmtpPooledStream::Dispose #9636790
    ProcessId=10264
    DateTime=2018-09-07T10:41:51.6839476Z
System.Net Verbose: 0 : [9008] Exiting SmtpClient#18138300::Send() 
    ProcessId=10264
    DateTime=2018-09-07T10:41:51.7269519Z
System.Net Information: 0 : [10492] ServicePoint#61707732 - Closed as idle.
    ProcessId=10264
    DateTime=2018-09-07T10:42:41.9309718Z
